1
 
 
 
 
                                                             
                 Copyright 2017 Siemens Product Lifecycle    
                        Management Software Inc.             
                         All Rights Reserved.                
                                                             
               This software and related documentation are   
                 proprietary to Siemens Product Lifecycle    
                        Management Software Inc.             
                                                             
              Siemens and the Siemens logo are registered    
             trademarks of Siemens AG. NX is a trademark or  
                registered trademark of Siemens Product      
               Lifecycle Management Software Inc. or its     
             subsidiaries in the United States and in other  
             countries.  NASTRAN is a registered trademark   
                 of the National Aeronautics and Space       
                 Administration.  All other trademarks,      
              registered trademarks or service marks belong  
                      to their respective holders.           
                                                             
           LIMITATIONS TO U.S. GOVERNMENT RIGHTS. UNPUBLISHED
           - RIGHTS RESERVED UNDER THE COPYRIGHT LAWS OF THE 
            UNITED STATES. This computer software and related
               computer software documentation have been     
            developed exclusively at private expense and are 
           provided subject to the following rights:  If this
               computer software and computer  software      
            documentation qualify as "commercial items" (as  
             that term is defined in FAR 2.101), their use,  
            duplication or disclosure by the U.S. Government 
           is subject to the protections and restrictions as 
            set forth in the Siemens commercial license for  
            software and/or documentation, as prescribed in  
           FAR 12.212 and FAR 27.405(b)(2)(i) (for civilian  
             agencies) and in DFARS 227.7202-1(a) and DFARS  
           227.7202-3(a) (for the Department of Defense), or 
           any successor or similar regulation, as applicable
           or as amended from time to time.  If this computer
           software and computer documentation do not qualify
            as "commercial items", then they are "restricted 
           computer software" and are provided with "restric-
            tive rights", and their use, duplication or dis- 
            closure by the U.S. Government is subject to the 
            protections and restrictions as set forth in FAR 
           27.404(b) and FAR 52-227-14 (for civilian agencies
           ), and DFARS 227.7203-5(c) and DFARS 252.227-7014 
           (for the Department of Defense), or any successor 
           or similar regulation, as applicable or as amended
              from time to time.  Siemens PLM Software Inc.  
            5800 Granite Parkway, Suite 600, Plano, TX 75024 

                * * * * * * * * * * * * * * * * * * * *
                * * * * * * * * * * * * * * * * * * * *
                * *                                 * *
                * *                                 * *
                * *                                 * *
                * *                                 * *
                * *       N X   N a s t r a n       * *
                * *                                 * *
                * *        VERSION -   12.0         * *
                * *                                 * *
                * *          SEP 21, 2017           * *
                * *                                 * *
                * *                                 * *
                * *Intel64 Family 6 Model 142 Stepp * *
                * *                                 * *
                * *MODEL Intel(R) Core(TM) i7-7500U * *
                * *                                 * *
                * *           Windows 10            * *
                * *                                 * *
                * *       Compiled for X86-64       * *
                * *                                 * *
                * * * * * * * * * * * * * * * * * * * *
                * * * * * * * * * * * * * * * * * * * *
1 
  
                        Welcome to NX Nastran
                        -------------------------
  
  
 This "news" information can be turned off by setting "news=no" in the runtime
 configuration (RC) file.  The "news" keyword can be set in the system RC file
 for global, or multi-user control, and in a local file for local control.
 Individual jobs can be controlled by setting news to yes or no on the command
 line.
1                                                                          FEBRUARY  21, 2019  NX NASTRAN  9/21/17   PAGE     1
                                                                                                                                    
0        N A S T R A N    F I L E    A N D    S Y S T E M    P A R A M E T E R    E C H O                                           
0                                                                                                                                   
                                                                                                                                    
                                                                                                                                    
     NASTRAN BUFFSIZE=32769 $(C:/PROGRAM FILES/SIEMENS/NX 12.0/NXNASTRAN/CONF/NAST12.
     NASTRAN BUFFPOOL=5836                                                           
     NASTRAN DIAGA=128 DIAGB=0 $(C:/PROGRAM FILES/SIEMENS/NX 12.0/NXNASTRAN/CONF/NAST
     NASTRAN SYSTEM(442)=2 $(COMMAND LINE[5])                                        
     NASTRAN REAL=2124021760 $(MEMORY LIMIT FOR MPI AND OTHER SPECIALIZED MODULES)   
     $*$$$$$$$$$$$$$$$$$$$$$$$$$$$$$$$$$$$$$$$$$$$$$$$$$$$$$$$$$$$$$$$$$             
     $*                                                                              
     $*                    SIMCENTER V12.0.0.27 TRANSLATOR                           
     $*                    FOR NX NASTRAN VERSION 12.0                               
     $*                                                                              
     $*             FEM FILE: C:\USERS\JABBO\ONEDRIVE\DOCUMENTS\GITHUB\CAPSTONE2018\S
     $*             SIM FILE: C:\USERS\JABBO\ONEDRIVE\DOCUMENTS\GITHUB\CAPSTONE2018\S
     $*        ANALYSIS TYPE: STRUCTURAL                                             
     $*        SOLUTION NAME: FIXED FREE LEG WITH BUCKLING                           
     $*        SOLUTION TYPE: SOL 105 LINEAR BUCKLING                                
     $*                                                                              
     $*    SOLVER INPUT FILE: UPPER_LEG_SIM1-FIXED_FREE_LEG_WITH_BUCKLING.DAT        
     $*        CREATION DATE: 21-FEB-2019                                            
     $*        CREATION TIME: 11:40:30                                               
     $*             HOSTNAME: LENOVO                                                 
     $*      NASTRAN LICENSE: DESKTOP BUNDLE                                         
     $*                                                                              
     $*                UNITS: MM (MILLI-NEWTON)                                      
     $*                      ... LENGTH : MM                                         
     $*                      ... TIME   : SEC                                        
     $*                      ... MASS   : KILOGRAM (KG)                              
     $*                      ... TEMPERATURE : DEG CELSIUS                           
     $*                      ... FORCE  : MILLI-NEWTON                               
     $*                      ... THERMAL ENERGY : MN-MM (MICRO-JOULE)                
     $*                                                                              
     $* IMPORTANT NOTE:                                                              
     $*     THIS BANNER WAS GENERATED BY SIMCENTER AND ALTERING THIS                 
     $*     INFORMATION MAY COMPROMISE THE PRE AND POST PROCESSING OF RESULTS        
     $*                                                                              
     $*$$$$$$$$$$$$$$$$$$$$$$$$$$$$$$$$$$$$$$$$$$$$$$$$$$$$$$$$$$$$$$$$$             
     $*                                                                              
     $*$$$$$$$$$$$$$$$$$$$$$$$$$$$$$$$$$$$                                           
     $*                                                                              
     $* FILE MANAGEMENT                                                              
     $*                                                                              
     $*$$$$$$$$$$$$$$$$$$$$$$$$$$$$$$$$$$$                                           
     $*                                                                              
     $*                                                                              
     $*$$$$$$$$$$$$$$$$$$$$$$$$$$$$$$$$$$$                                           
     $*                                                                              
     $* EXECUTIVE CONTROL                                                            
     $*                                                                              
     $*$$$$$$$$$$$$$$$$$$$$$$$$$$$$$$$$$$$                                           
     $*                                                                              
1                                                                          FEBRUARY  21, 2019  NX NASTRAN  9/21/17   PAGE     2
                                                                                                                                    
0        N A S T R A N    E X E C U T I V E    C O N T R O L    E C H O                                                             
0                                                                                                                                   
                                                                                                                                    
                                                                                                                                    
     ID,NASTRAN,UPPER_LEG_SIM1-FIXED_FREE_LEG_WITH_BUCKLING                                  
     SOL 105                                                                                 
     CEND                                                                                    
1                                                                          FEBRUARY  21, 2019  NX NASTRAN  9/21/17   PAGE     3
                                                                                                                                    
0                                                                                                                                   
0                                        C A S E    C O N T R O L    E C H O                                                        
                 COMMAND                                                                                                            
                 COUNT                                                                                                              
                  1      $*                                                                                      
                  2      $*$$$$$$$$$$$$$$$$$$$$$$$$$$$$$$$$$$$                                                   
                  3      $*                                                                                      
                  4      $* CASE CONTROL                                                                         
                  5      $*                                                                                      
                  6      $*$$$$$$$$$$$$$$$$$$$$$$$$$$$$$$$$$$$                                                   
                  7      $*                                                                                      
                  8      ECHO = NONE                                                                             
                  9      SPC = 1                                                                                 
                 10      OUTPUT                                                                                  
                 11      DISPLACEMENT(PLOT,REAL) = ALL                                                           
                 12      SPCFORCES(PLOT,REAL) = ALL                                                              
                 13      STRESS(PLOT,REAL,VONMISES,CENTER) = ALL                                                 
                 14      $*  STEP: SUBCASE - BUCKLING LOADS                                                      
                 15      SUBCASE 1                                                                               
                 16        LABEL = SUBCASE - BUCKLING LOADS                                                      
                 17        LOAD = 2                                                                              
                 18      $*  STEP: SUBCASE - BUCKLING METHOD                                                     
                 19      SUBCASE 2                                                                               
                 20        LABEL = SUBCASE - BUCKLING METHOD                                                     
                 21        METHOD = 102                                                                          
                 22      $*                                                                                      
                 23      $*$$$$$$$$$$$$$$$$$$$$$$$$$$$$$$$$$$$                                                   
                 24      $*                                                                                      
                 25      $* BULK DATA                                                                            
                 26      $*                                                                                      
                 27      $*$$$$$$$$$$$$$$$$$$$$$$$$$$$$$$$$$$$                                                   
                 28      $*                                                                                      
                 29      BEGIN BULK                                                                              
0                             INPUT BULK DATA ENTRY COUNT =       16676
0                       TOTAL COUNT=     16648


                                        M O D E L   S U M M A R Y

                                   NUMBER OF GRID     POINTS   =     5518
 
 
                                   NUMBER OF CTETRA   ELEMENTS =     2749
 
 *** USER INFORMATION MESSAGE 4109 (OUTPBN2)
     THE LABEL IS NX12.0   FOR FORTRAN UNIT 12
     (MAXIMUM SIZE OF FORTRAN RECORDS WRITTEN =        7 WORDS.)
     (NUMBER OF FORTRAN RECORDS WRITTEN =        8 RECORDS.)
     (TOTAL DATA WRITTEN FOR TAPE LABEL =       17 WORDS.)
1                                                                          FEBRUARY  21, 2019  NX NASTRAN  9/21/17   PAGE     4
                                                                                                                                    
0                                                                                                                                   
0                                                                                                                                   
                                                                                                                                    
                                                                                                                                    
 *** USER INFORMATION MESSAGE 4114 (OUTPBN2)
     DATA BLOCK IBULK    WRITTEN ON FORTRAN UNIT  12, TRL =
                    101                 1                 0                 0                 0                 0                 0
     (MAXIMUM POSSIBLE FORTRAN RECORD SIZE =    65538 WORDS.)
     (MAXIMUM SIZE OF FORTRAN RECORDS WRITTEN =       20 WORDS.)
     (NUMBER OF FORTRAN RECORDS WRITTEN =    83389 RECORDS.)
     (TOTAL DATA WRITTEN FOR DATA BLOCK =   400223 WORDS.)
 *** USER INFORMATION MESSAGE 4114 (OUTPBN2)
     DATA BLOCK ICASE    WRITTEN ON FORTRAN UNIT  12, TRL =
                    102                31                 0                 0                 0                 0                 0
     (MAXIMUM POSSIBLE FORTRAN RECORD SIZE =    65538 WORDS.)
     (MAXIMUM SIZE OF FORTRAN RECORDS WRITTEN =       20 WORDS.)
     (NUMBER OF FORTRAN RECORDS WRITTEN =      169 RECORDS.)
     (TOTAL DATA WRITTEN FOR DATA BLOCK =      770 WORDS.)
 *** USER INFORMATION MESSAGE 4114 (OUTPBN2)
     DATA BLOCK CASECC   WRITTEN ON FORTRAN UNIT  12, TRL =
                    103                 2                 0              1200                 0                 0                 0
     (MAXIMUM POSSIBLE FORTRAN RECORD SIZE =    65538 WORDS.)
     (MAXIMUM SIZE OF FORTRAN RECORDS WRITTEN =     1200 WORDS.)
     (NUMBER OF FORTRAN RECORDS WRITTEN =       24 RECORDS.)
     (TOTAL DATA WRITTEN FOR DATA BLOCK =     2430 WORDS.)
 *** USER INFORMATION MESSAGE 4114 (OUTPBN2)
     DATA BLOCK PVT0     WRITTEN ON FORTRAN UNIT  12, TRL =
                    101                28                 0                 0                 0                 0                 0
     (MAXIMUM POSSIBLE FORTRAN RECORD SIZE =    65538 WORDS.)
     (MAXIMUM SIZE OF FORTRAN RECORDS WRITTEN =       28 WORDS.)
     (NUMBER OF FORTRAN RECORDS WRITTEN =       19 RECORDS.)
     (TOTAL DATA WRITTEN FOR DATA BLOCK =       54 WORDS.)
 *** USER INFORMATION MESSAGE 4114 (OUTPBN2)
     DATA BLOCK GPL      WRITTEN ON FORTRAN UNIT  12, TRL =
                    101              5518              5518                 0                 0                 0                 0
     (MAXIMUM POSSIBLE FORTRAN RECORD SIZE =    65538 WORDS.)
     (MAXIMUM SIZE OF FORTRAN RECORDS WRITTEN =    11036 WORDS.)
     (NUMBER OF FORTRAN RECORDS WRITTEN =       24 RECORDS.)
     (TOTAL DATA WRITTEN FOR DATA BLOCK =    16585 WORDS.)
 *** USER INFORMATION MESSAGE 4114 (OUTPBN2)
     DATA BLOCK GPDT     WRITTEN ON FORTRAN UNIT  12, TRL =
                    102              5518                 7                 0                 1                 0                 0
     (MAXIMUM POSSIBLE FORTRAN RECORD SIZE =    65538 WORDS.)
     (MAXIMUM SIZE OF FORTRAN RECORDS WRITTEN =    55180 WORDS.)
     (NUMBER OF FORTRAN RECORDS WRITTEN =       19 RECORDS.)
     (TOTAL DATA WRITTEN FOR DATA BLOCK =    55206 WORDS.)
 *** USER INFORMATION MESSAGE 4114 (OUTPBN2)
     DATA BLOCK EPT      WRITTEN ON FORTRAN UNIT  12, TRL =
                    101                 0               256                 0                 0                 0                 0
     (MAXIMUM POSSIBLE FORTRAN RECORD SIZE =    65538 WORDS.)
     (MAXIMUM SIZE OF FORTRAN RECORDS WRITTEN =       10 WORDS.)
     (NUMBER OF FORTRAN RECORDS WRITTEN =       24 RECORDS.)
     (TOTAL DATA WRITTEN FOR DATA BLOCK =       43 WORDS.)
1                                                                          FEBRUARY  21, 2019  NX NASTRAN  9/21/17   PAGE     5
                                                                                                                                    
0                                                                                                                                   
0                                                                                                                                   
                                                                                                                                    
                                                                                                                                    
 *** USER INFORMATION MESSAGE 4114 (OUTPBN2)
     DATA BLOCK MPT      WRITTEN ON FORTRAN UNIT  12, TRL =
                    101             33280                 0                 0                 0                 0                 0
     (MAXIMUM POSSIBLE FORTRAN RECORD SIZE =    65538 WORDS.)
     (MAXIMUM SIZE OF FORTRAN RECORDS WRITTEN =       15 WORDS.)
     (NUMBER OF FORTRAN RECORDS WRITTEN =       29 RECORDS.)
     (TOTAL DATA WRITTEN FOR DATA BLOCK =       67 WORDS.)
 *** USER INFORMATION MESSAGE 4114 (OUTPBN2)
     DATA BLOCK GEOM2    WRITTEN ON FORTRAN UNIT  12, TRL =
                    101                 0                 0                 0               512                 0                 0
     (MAXIMUM POSSIBLE FORTRAN RECORD SIZE =    65538 WORDS.)
     (MAXIMUM SIZE OF FORTRAN RECORDS WRITTEN =    32991 WORDS.)
     (NUMBER OF FORTRAN RECORDS WRITTEN =       24 RECORDS.)
     (TOTAL DATA WRITTEN FOR DATA BLOCK =    33024 WORDS.)
 *** USER INFORMATION MESSAGE 4114 (OUTPBN2)
     DATA BLOCK GEOM3    WRITTEN ON FORTRAN UNIT  12, TRL =
                    102                 0                 0                64                 0                 0                 0
     (MAXIMUM POSSIBLE FORTRAN RECORD SIZE =    65538 WORDS.)
     (MAXIMUM SIZE OF FORTRAN RECORDS WRITTEN =      241 WORDS.)
     (NUMBER OF FORTRAN RECORDS WRITTEN =       24 RECORDS.)
     (TOTAL DATA WRITTEN FOR DATA BLOCK =      274 WORDS.)
 *** USER INFORMATION MESSAGE 4114 (OUTPBN2)
     DATA BLOCK GEOM4    WRITTEN ON FORTRAN UNIT  12, TRL =
                    103                 0                 0                 0               512                 0                 0
     (MAXIMUM POSSIBLE FORTRAN RECORD SIZE =    65538 WORDS.)
     (MAXIMUM SIZE OF FORTRAN RECORDS WRITTEN =      207 WORDS.)
     (NUMBER OF FORTRAN RECORDS WRITTEN =       24 RECORDS.)
     (TOTAL DATA WRITTEN FOR DATA BLOCK =      240 WORDS.)
 *** USER INFORMATION MESSAGE 4114 (OUTPBN2)
     DATA BLOCK GEOM1    WRITTEN ON FORTRAN UNIT  12, TRL =
                    104                 0                 0                 8                 0                 0                 0
     (MAXIMUM POSSIBLE FORTRAN RECORD SIZE =    65538 WORDS.)
     (MAXIMUM SIZE OF FORTRAN RECORDS WRITTEN =    60701 WORDS.)
     (NUMBER OF FORTRAN RECORDS WRITTEN =       24 RECORDS.)
     (TOTAL DATA WRITTEN FOR DATA BLOCK =    60734 WORDS.)
 *** USER INFORMATION MESSAGE 4114 (OUTPBN2)
     DATA BLOCK BGPDT    WRITTEN ON FORTRAN UNIT  12, TRL =
                    105              5518                 0             33108                 1                 0              5518
     (MAXIMUM POSSIBLE FORTRAN RECORD SIZE =    65538 WORDS.)
     (MAXIMUM SIZE OF FORTRAN RECORDS WRITTEN =    65538 WORDS.)
     (NUMBER OF FORTRAN RECORDS WRITTEN =       26 RECORDS.)
     (TOTAL DATA WRITTEN FOR DATA BLOCK =    77282 WORDS.)
 *** USER INFORMATION MESSAGE 4114 (OUTPBN2)
     DATA BLOCK DIT      WRITTEN ON FORTRAN UNIT  12, TRL =
                    101             32768                 0                 0                 0                 0                 0
     (MAXIMUM POSSIBLE FORTRAN RECORD SIZE =    65538 WORDS.)
     (MAXIMUM SIZE OF FORTRAN RECORDS WRITTEN =      137 WORDS.)
     (NUMBER OF FORTRAN RECORDS WRITTEN =       24 RECORDS.)
     (TOTAL DATA WRITTEN FOR DATA BLOCK =      170 WORDS.)
1                                                                          FEBRUARY  21, 2019  NX NASTRAN  9/21/17   PAGE     6
                                                                                                                                    
0                                                                                                                                   
0                                                                                                                                   
                                                                                                                                    
                                                                                                                                    
 *** USER INFORMATION MESSAGE 4114 (OUTPBN2)
     DATA BLOCK DYNAMICS WRITTEN ON FORTRAN UNIT  12, TRL =
                    102               256                 0                 0                 0                 0                 0
     (MAXIMUM POSSIBLE FORTRAN RECORD SIZE =    65538 WORDS.)
     (MAXIMUM SIZE OF FORTRAN RECORDS WRITTEN =       30 WORDS.)
     (NUMBER OF FORTRAN RECORDS WRITTEN =       24 RECORDS.)
     (TOTAL DATA WRITTEN FOR DATA BLOCK =       63 WORDS.)
 *** USER INFORMATION MESSAGE 4114 (OUTPBN2)
     DATA BLOCK EQEXIN   WRITTEN ON FORTRAN UNIT  12, TRL =
                    101              5518                 0                 0                 0                 0                 0
     (MAXIMUM POSSIBLE FORTRAN RECORD SIZE =    65538 WORDS.)
     (MAXIMUM SIZE OF FORTRAN RECORDS WRITTEN =    11036 WORDS.)
     (NUMBER OF FORTRAN RECORDS WRITTEN =       24 RECORDS.)
     (TOTAL DATA WRITTEN FOR DATA BLOCK =    22102 WORDS.)
 *** USER INFORMATION MESSAGE 7555 (ETETGS)
     FINITE ELEMENT GEOMETRY CHECK RESULTS EXCEED TOLERANCE LEVELS FOR THE FOLLOWING ELEMENTS.
     USER ACTION: USE THE GEOMCHECK (EXECUTIVE CONTROL STATEMENT) KEYWORD=VALUE TO CHANGE TOLERANCE VALUES IF DESIRED.
     ALL EDGE LENGTH TO HEIGHT  RATIO (AR)TOLERANCE LIMIT VIOLATIONS WILL BE IDENTIFIED AND INDICATED BY FAIL.
     A MINIMUM OF        100 EDGE NODE POINT LENGTH RATIO (ER)TOLERANCE LIMIT VIOLATIONS WILL BE IDENTIFIED AND INDICATED BY xxxx.
     A MINIMUM OF        100 EDGE NODE POINT INCLUDED ANGLE   TOLERANCE LIMIT VIOLATIONS WILL BE IDENTIFIED AND INDICATED BY xxxx.
     ALL NEG/ZERO DET(JACOBIAN) VALUE (DJ)TOLERANCE LIMIT VIOLATIONS WILL BE IDENTIFIED AND INDICATED BY FAIL.
     A MINIMUM OF        100 NEG DET(JAC) AT VERTEX NODE  (DG)TOLERANCE LIMIT VIOLATIONS WILL BE IDENTIFIED AND INDICATED BY xxxx.
1                                                                          FEBRUARY  21, 2019  NX NASTRAN  9/21/17   PAGE     7
                                                                                                                                    
0                                                                                                                                   
     TOLERANCE LIMITS ARE:  TET_AR =   100.00, TET_EPLR =   0.50, TET_EPIA =  30.00, TET_DETJ =   0.00, TET_DETG =   0.00
                            (xxxx = LIMIT VIOLATED)
                         LONGEST    SHORTEST          ASPECT      EDGE POINT      EDGE POINT   MIN. JACOBIAN   MIN. DET(JAC)
 ELEMENT TYPE    ID         EDGE      HEIGHT           RATIO    LENGTH RATIO  INCLUDED ANGLE     DETERMINANT       AT VERTEX
    TETRA          29      46.26        9.24       5.01            1.00           16.96         1358.88        -1053.45 xxxx
    TETRA          56      45.25        9.24       4.90            1.00           16.96         1357.62        -1055.41 xxxx
    TETRA          87      45.25        9.24       4.90            1.00           16.96         1360.15        -1051.47 xxxx
    TETRA         137      45.25        9.24       4.90            1.00           16.96         1359.76        -1052.09 xxxx
    TETRA         166      45.25        9.24       4.90            1.00           16.96         1357.14        -1056.15 xxxx
    TETRA         168      45.25        9.24       4.90            1.00           16.96         1356.97        -1056.40 xxxx
    TETRA         183      45.26        7.40       6.11            1.00           11.36         1653.90         -242.93 xxxx
    TETRA         204      45.25        9.24       4.90            1.00           16.96         1357.76        -1055.19 xxxx
    TETRA         251      45.46        9.24       4.92            1.00           16.96         1357.24        -1055.96 xxxx
    TETRA         252      45.25        9.24       4.90            1.00           16.96         1360.46        -1050.98 xxxx
    TETRA         359      45.25        9.24       4.90            1.00           16.96         1359.90        -1051.87 xxxx
    TETRA         385      45.25        9.24       4.90            1.00           16.96         1360.35        -1051.16 xxxx
    TETRA         402      45.25        9.24       4.90            1.00           16.96         1357.00        -1056.36 xxxx
    TETRA         498      45.26        7.40       6.11            1.00           11.36         1654.07         -242.71 xxxx
    TETRA         602      45.26        7.40       6.12            1.00           11.36         1650.40         -247.42 xxxx
    TETRA         619      46.06        7.40       6.22            1.00           11.36         1649.97         -247.93 xxxx
    TETRA         639      45.25        9.24       4.90            1.00           16.96         1359.62        -1052.31 xxxx
    TETRA         647      45.25        9.24       4.90            1.00           16.96         1359.48        -1052.53 xxxx
    TETRA         666      45.25        9.24       4.90            1.00           16.96         1360.03        -1051.66 xxxx
    TETRA         667      45.25        9.24       4.90            1.00           16.96         1359.21        -1052.95 xxxx
    TETRA         674      46.26        9.24       5.01            1.00           16.96         1357.44        -1055.65 xxxx
    TETRA         683      45.25        9.24       4.90            1.00           16.96         1356.98        -1056.39 xxxx
    TETRA         864      45.46        9.24       4.92            1.00           16.96         1358.98        -1053.30 xxxx
    TETRA        1154      45.46        9.24       4.92            1.00           16.96         1357.24        -1055.96 xxxx
    TETRA        1189      45.25        9.24       4.90            1.00           16.96         1360.45        -1050.99 xxxx
    TETRA        1192      45.25        9.24       4.90            1.00           16.96         1360.43        -1051.02 xxxx
    TETRA        1326      45.26        7.40       6.12            1.00           11.36         1653.72         -243.17 xxxx
    TETRA        1392      45.25        9.24       4.90            1.00           16.96         1357.49        -1055.62 xxxx
    TETRA        1438      45.26        7.40       6.12            1.00           11.36         1650.26         -247.60 xxxx
    TETRA        1440      45.25        9.24       4.90            1.00           16.96         1357.06        -1056.28 xxxx
    TETRA        1539      45.25        9.24       4.90            1.00           16.96         1360.36        -1051.13 xxxx
    TETRA        1691      45.25        9.24       4.90            1.00           16.96         1357.90        -1054.96 xxxx
    TETRA        1727      45.25        9.24       4.90            1.00           16.96         1360.41        -1051.06 xxxx
    TETRA        1814      45.40        7.40       6.13            1.00           11.36         1653.52         -243.42 xxxx
    TETRA        1868      45.25        9.24       4.90            1.00           16.96         1357.11        -1056.18 xxxx
    TETRA        1900      45.40        7.40       6.13            1.00           11.36         1650.04         -247.86 xxxx
    TETRA        1901      45.25        9.24       4.90            1.00           16.96         1357.24        -1056.00 xxxx
    TETRA        2037      45.25        9.24       4.90            1.00           16.96         1358.30        -1054.34 xxxx
    TETRA        2127      45.25        9.24       4.90            1.00           16.96         1357.36        -1055.82 xxxx
    TETRA        2147      45.25        9.24       4.90            1.00           16.96         1360.41        -1051.06 xxxx
    TETRA        2214      45.25        9.24       4.90            1.00           16.96         1359.34        -1052.74 xxxx
    TETRA        2376      45.25        9.24       4.90            1.00           16.96         1359.08        -1053.14 xxxx
1                                                                          FEBRUARY  21, 2019  NX NASTRAN  9/21/17   PAGE     8
                                                                                                                                    
0                                                                                                                                   
     TOLERANCE LIMITS ARE:  TET_AR =   100.00, TET_EPLR =   0.50, TET_EPIA =  30.00, TET_DETJ =   0.00, TET_DETG =   0.00
                            (xxxx = LIMIT VIOLATED)
                         LONGEST    SHORTEST          ASPECT      EDGE POINT      EDGE POINT   MIN. JACOBIAN   MIN. DET(JAC)
 ELEMENT TYPE    ID         EDGE      HEIGHT           RATIO    LENGTH RATIO  INCLUDED ANGLE     DETERMINANT       AT VERTEX
    TETRA        2397      45.26        7.40       6.12            1.00           11.36         1650.14         -247.74 xxxx
    TETRA        2474      45.25        9.24       4.90            1.00           16.96         1360.46        -1050.98 xxxx
    TETRA        2476      46.26        9.24       5.01            1.00           16.96         1357.44        -1055.65 xxxx
    TETRA        2487      45.25        4.21      10.75            1.00           16.96          441.94         -141.93 xxxx
    TETRA        2602      45.25        9.24       4.90            1.00           16.96         1360.36        -1051.13 xxxx
    TETRA        2636      45.25        9.24       4.90            1.00           16.96         1357.02        -1056.32 xxxx
    TETRA        2682      45.25        4.57       9.89            1.00           12.76          639.47          -89.11 xxxx
    TETRA        2685      45.25        9.24       4.90            1.00           16.96         1360.26        -1051.30 xxxx
    TETRA        2716      45.25        9.24       4.90            1.00           16.96         1360.43        -1051.02 xxxx
1                                                                          FEBRUARY  21, 2019  NX NASTRAN  9/21/17   PAGE     9
                                                                                                                                    
0                                                                                                                                   


                            E L E M E N T   G E O M E T R Y   T E S T   R E S U L T S   S U M M A R Y
                                        TOTAL NUMBER OF TIMES TOLERANCES WERE EXCEEDED
 ELEMENT     SKEW    ASPECT/       MINIMUM       MAXIMUM    SURFACE/FACE  THICKNESS/     EDGE POINT    EDGE POINT       JACOBIAN
 TYPE        ANGLE  TAPER RATIO  INTER. ANGLE  INTER. ANGLE  WARP FACTOR  OFFSET RATIO  LENGTH RATIO  INCLUDED ANGLE  DETERMINANT
 TETRA         N/A          0           N/A           N/A           N/A           N/A             0             0            51     

         N/A IN THE ABOVE TABLE INDICATES TESTS THAT ARE NOT APPLICABLE TO THE ELEMENT TYPE AND WERE NOT PERFORMED.
         FOR ALL ELEMENTS WHERE GEOMETRY TEST RESULTS HAVE EXCEEDED TOLERANCES,

         TETRA    ELEMENT ID      168 PRODUCED SMALLEST VERTEX DET(JAC) -UWM 6828- OF   -1056.40 (TOLERANCE =        0.00).
1                                                                          FEBRUARY  21, 2019  NX NASTRAN  9/21/17   PAGE    10
                                                                                                                                    
0                                                                                                                                   
 *** USER INFORMATION MESSAGE 7310 (VECPRN)
     ORIGIN OF SUPERELEMENT BASIC COORDINATE SYSTEM WILL BE USED AS REFERENCE LOCATION.
     RESULTANTS ABOUT ORIGIN OF SUPERELEMENT BASIC COORDINATE SYSTEM IN SUPERELEMENT BASIC SYSTEM COORDINATES.
0                                                  OLOAD    RESULTANT       
  SUBCASE/    LOAD
  DAREA ID    TYPE       T1            T2            T3            R1            R2            R3
0        1     FX    6.816810E+07     ----          ----          ----      -6.175663E+07 -4.055864E+06                             
               FY       ----       0.000000E+00     ----       0.000000E+00     ----       0.000000E+00                             
               FZ       ----          ----       0.000000E+00  0.000000E+00  0.000000E+00     ----                                  
               MX       ----          ----          ----       0.000000E+00     ----          ----                                  
               MY       ----          ----          ----          ----       0.000000E+00     ----                                  
               MZ       ----          ----          ----          ----          ----       0.000000E+00                             
             TOTALS  6.816810E+07  0.000000E+00  0.000000E+00  0.000000E+00 -6.175663E+07 -4.055864E+06                             
1                                                                          FEBRUARY  21, 2019  NX NASTRAN  9/21/17   PAGE    11
                                                                                                                                    
0                                                                                                                                   
 *** USER INFORMATION MESSAGE 7310 (VECPRN)
     ORIGIN OF SUPERELEMENT BASIC COORDINATE SYSTEM WILL BE USED AS REFERENCE LOCATION.
     RESULTANTS ABOUT ORIGIN OF SUPERELEMENT BASIC COORDINATE SYSTEM IN SUPERELEMENT BASIC SYSTEM COORDINATES.
0                                                  OLOAD    RESULTANT       
  SUBCASE/    LOAD
  DAREA ID    TYPE       T1            T2            T3            R1            R2            R3
0        2     FX    0.000000E+00     ----          ----          ----       0.000000E+00  0.000000E+00                             
               FY       ----       0.000000E+00     ----       0.000000E+00     ----       0.000000E+00                             
               FZ       ----          ----       0.000000E+00  0.000000E+00  0.000000E+00     ----                                  
               MX       ----          ----          ----       0.000000E+00     ----          ----                                  
               MY       ----          ----          ----          ----       0.000000E+00     ----                                  
               MZ       ----          ----          ----          ----          ----       0.000000E+00                             
             TOTALS  0.000000E+00  0.000000E+00  0.000000E+00  0.000000E+00  0.000000E+00  0.000000E+00                             
 *** USER INFORMATION MESSAGE - SINGULARITIES FOUND USING EIGENVALUE METHOD
 ***   16401 SINGULARITIES FOUND     16401 SINGULARITIES ELIMINATED
 *** SYSTEM INFORMATION MESSAGE 6916 (DFMSYN)
     DECOMP ORDERING METHOD CHOSEN: DEFAULT, ORDERING METHOD USED: BEND
1                                                                          FEBRUARY  21, 2019  NX NASTRAN  9/21/17   PAGE    12
                                                                                                                                    
0                                                                                                            SUBCASE 1              
 *** USER INFORMATION MESSAGE 5293 (SSG3A)
    FOR DATA BLOCK KLL     
    LOAD SEQ. NO.             EPSILON              EXTERNAL WORK      EPSILONS LARGER THAN 0.001 ARE FLAGGED WITH ASTERISKS
                1         -8.4280951E-14          2.1118853E+07
1                                                                          FEBRUARY  21, 2019  NX NASTRAN  9/21/17   PAGE    13
                                                                                                                                    
0                                                                                                                                   
 *** USER INFORMATION MESSAGE 7310 (VECPRN)
     ORIGIN OF SUPERELEMENT BASIC COORDINATE SYSTEM WILL BE USED AS REFERENCE LOCATION.
     RESULTANTS ABOUT ORIGIN OF SUPERELEMENT BASIC COORDINATE SYSTEM IN SUPERELEMENT BASIC SYSTEM COORDINATES.
0                                                  SPCFORCE RESULTANT       
  SUBCASE/    LOAD
  DAREA ID    TYPE       T1            T2            T3            R1            R2            R3
0        1     FX   -6.816810E+07     ----          ----          ----       6.175663E+07  4.055864E+06                             
               FY       ----       1.905841E-05     ----       1.845471E+06     ----       3.430742E-02                             
               FZ       ----          ----      -7.716008E-07 -1.845471E+06  1.387596E-03     ----                                  
               MX       ----          ----          ----       0.000000E+00     ----          ----                                  
               MY       ----          ----          ----          ----       0.000000E+00     ----                                  
               MZ       ----          ----          ----          ----          ----       0.000000E+00                             
             TOTALS -6.816810E+07  1.905841E-05 -7.716008E-07  1.401667E-03  6.175663E+07  4.055864E+06                             
 *** USER INFORMATION MESSAGE 4114 (OUTPBN2)
     DATA BLOCK OQG1     WRITTEN ON FORTRAN UNIT  12, TRL =
                    101                 0             44144                21                19                 0                 1
     (MAXIMUM POSSIBLE FORTRAN RECORD SIZE =    65538 WORDS.)
     (MAXIMUM SIZE OF FORTRAN RECORDS WRITTEN =    44144 WORDS.)
     (NUMBER OF FORTRAN RECORDS WRITTEN =       24 RECORDS.)
     (TOTAL DATA WRITTEN FOR DATA BLOCK =    44325 WORDS.)
 *** USER INFORMATION MESSAGE 4114 (OUTPBN2)
     DATA BLOCK BOUGV1   WRITTEN ON FORTRAN UNIT  12, TRL =
                    101                 0             44144                21                19                 0                 1
     (MAXIMUM POSSIBLE FORTRAN RECORD SIZE =    65538 WORDS.)
     (MAXIMUM SIZE OF FORTRAN RECORDS WRITTEN =    44144 WORDS.)
     (NUMBER OF FORTRAN RECORDS WRITTEN =       24 RECORDS.)
     (TOTAL DATA WRITTEN FOR DATA BLOCK =    44325 WORDS.)
 *** USER INFORMATION MESSAGE 4114 (OUTPBN2)
     DATA BLOCK OES1     WRITTEN ON FORTRAN UNIT  12, TRL =
                    101                63                 2                21                19                 0                 1
     (MAXIMUM POSSIBLE FORTRAN RECORD SIZE =    65538 WORDS.)
     (MAXIMUM SIZE OF FORTRAN RECORDS WRITTEN =    65538 WORDS.)
     (NUMBER OF FORTRAN RECORDS WRITTEN =       32 RECORDS.)
     (TOTAL DATA WRITTEN FOR DATA BLOCK =   299822 WORDS.)
1                                                                          FEBRUARY  21, 2019  NX NASTRAN  9/21/17   PAGE    14
                                                                                                                                    
0                                                                                                                                   
1                                                                          FEBRUARY  21, 2019  NX NASTRAN  9/21/17   PAGE    15
                                                                                                                                    
0                                                                                                                                   
1                                                                          FEBRUARY  21, 2019  NX NASTRAN  9/21/17   PAGE    16
                                                                                                                                    
0                                                                                                                                   
 *** USER INFORMATION MESSAGE 7555 (ETETGS)
     FINITE ELEMENT GEOMETRY CHECK RESULTS EXCEED TOLERANCE LEVELS FOR THE FOLLOWING ELEMENTS.
     ALL EDGE LENGTH TO HEIGHT  RATIO (AR)TOLERANCE LIMIT VIOLATIONS WILL BE IDENTIFIED AND INDICATED BY FAIL.
     A MINIMUM OF        100 EDGE NODE POINT LENGTH RATIO (ER)TOLERANCE LIMIT VIOLATIONS WILL BE IDENTIFIED AND INDICATED BY xxxx.
     A MINIMUM OF        100 EDGE NODE POINT INCLUDED ANGLE   TOLERANCE LIMIT VIOLATIONS WILL BE IDENTIFIED AND INDICATED BY xxxx.
     ALL NEG/ZERO DET(JACOBIAN) VALUE (DJ)TOLERANCE LIMIT VIOLATIONS WILL BE IDENTIFIED AND INDICATED BY FAIL.
     A MINIMUM OF        100 NEG DET(JAC) AT VERTEX NODE  (DG)TOLERANCE LIMIT VIOLATIONS WILL BE IDENTIFIED AND INDICATED BY xxxx.
1                                                                          FEBRUARY  21, 2019  NX NASTRAN  9/21/17   PAGE    17
                                                                                                                                    
0                                                                                                            SUBCASE 2              
     TOLERANCE LIMITS ARE:  TET_AR =   100.00, TET_EPLR =   0.50, TET_EPIA =  30.00, TET_DETJ =   0.00, TET_DETG =   0.00
                            (xxxx = LIMIT VIOLATED)
                         LONGEST    SHORTEST          ASPECT      EDGE POINT      EDGE POINT   MIN. JACOBIAN   MIN. DET(JAC)
 ELEMENT TYPE    ID         EDGE      HEIGHT           RATIO    LENGTH RATIO  INCLUDED ANGLE     DETERMINANT       AT VERTEX
    TETRA          29      46.26        9.24       5.01            1.00           16.96         4575.31        -1053.45 xxxx
    TETRA          56      45.25        9.24       4.90            1.00           16.96         4574.99        -1055.41 xxxx
    TETRA          87      45.25        9.24       4.90            1.00           16.96         4575.64        -1051.47 xxxx
    TETRA         137      45.25        9.24       4.90            1.00           16.96         4575.54        -1052.09 xxxx
    TETRA         166      45.25        9.24       4.90            1.00           16.96         4574.86        -1056.15 xxxx
    TETRA         168      45.25        9.24       4.90            1.00           16.96         4574.81        -1056.40 xxxx
    TETRA         183      45.26        7.40       6.11            1.00           11.36         4183.01         -242.93 xxxx
    TETRA         204      45.25        9.24       4.90            1.00           16.96         4575.02        -1055.19 xxxx
    TETRA         251      45.46        9.24       4.92            1.00           16.96         4574.86        -1055.96 xxxx
    TETRA         252      45.25        9.24       4.90            1.00           16.96         4575.71        -1050.98 xxxx
    TETRA         359      45.25        9.24       4.90            1.00           16.96         4575.58        -1051.87 xxxx
    TETRA         385      45.25        9.24       4.90            1.00           16.96         4575.69        -1051.16 xxxx
    TETRA         402      45.25        9.24       4.90            1.00           16.96         4574.82        -1056.36 xxxx
    TETRA         498      45.26        7.40       6.11            1.00           11.36         4183.10         -242.71 xxxx
    TETRA         602      45.26        7.40       6.12            1.00           11.36         4180.83         -247.42 xxxx
    TETRA         619      46.06        7.40       6.22            1.00           11.36         4180.51         -247.93 xxxx
    TETRA         639      45.25        9.24       4.90            1.00           16.96         4575.51        -1052.31 xxxx
    TETRA         647      45.25        9.24       4.90            1.00           16.96         4575.47        -1052.53 xxxx
    TETRA         666      45.25        9.24       4.90            1.00           16.96         4575.61        -1051.66 xxxx
    TETRA         667      45.25        9.24       4.90            1.00           16.96         4575.40        -1052.95 xxxx
    TETRA         674      46.26        9.24       5.01            1.00           16.96         4574.91        -1055.65 xxxx
    TETRA         683      45.25        9.24       4.90            1.00           16.96         4574.81        -1056.39 xxxx
    TETRA         864      45.46        9.24       4.92            1.00           16.96         4575.34        -1053.30 xxxx
    TETRA        1154      45.46        9.24       4.92            1.00           16.96         4574.86        -1055.96 xxxx
    TETRA        1189      45.25        9.24       4.90            1.00           16.96         4575.71        -1050.99 xxxx
    TETRA        1192      45.25        9.24       4.90            1.00           16.96         4575.70        -1051.02 xxxx
    TETRA        1326      45.26        7.40       6.12            1.00           11.36         4182.89         -243.17 xxxx
    TETRA        1392      45.25        9.24       4.90            1.00           16.96         4574.95        -1055.62 xxxx
    TETRA        1438      45.26        7.40       6.12            1.00           11.36         4180.73         -247.60 xxxx
    TETRA        1440      45.25        9.24       4.90            1.00           16.96         4574.84        -1056.28 xxxx
    TETRA        1539      45.25        9.24       4.90            1.00           16.96         4575.68        -1051.13 xxxx
    TETRA        1691      45.25        9.24       4.90            1.00           16.96         4575.06        -1054.96 xxxx
    TETRA        1727      45.25        9.24       4.90            1.00           16.96         4575.70        -1051.06 xxxx
    TETRA        1814      45.40        7.40       6.13            1.00           11.36         4182.77         -243.42 xxxx
    TETRA        1868      45.25        9.24       4.90            1.00           16.96         4574.83        -1056.18 xxxx
    TETRA        1900      45.40        7.40       6.13            1.00           11.36         4180.57         -247.86 xxxx
    TETRA        1901      45.25        9.24       4.90            1.00           16.96         4574.89        -1056.00 xxxx
    TETRA        2037      45.25        9.24       4.90            1.00           16.96         4575.16        -1054.34 xxxx
    TETRA        2127      45.25        9.24       4.90            1.00           16.96         4574.92        -1055.82 xxxx
    TETRA        2147      45.25        9.24       4.90            1.00           16.96         4575.70        -1051.06 xxxx
    TETRA        2214      45.25        9.24       4.90            1.00           16.96         4575.43        -1052.74 xxxx
    TETRA        2376      45.25        9.24       4.90            1.00           16.96         4575.37        -1053.14 xxxx
1                                                                          FEBRUARY  21, 2019  NX NASTRAN  9/21/17   PAGE    18
                                                                                                                                    
0                                                                                                            SUBCASE 2              
     TOLERANCE LIMITS ARE:  TET_AR =   100.00, TET_EPLR =   0.50, TET_EPIA =  30.00, TET_DETJ =   0.00, TET_DETG =   0.00
                            (xxxx = LIMIT VIOLATED)
                         LONGEST    SHORTEST          ASPECT      EDGE POINT      EDGE POINT   MIN. JACOBIAN   MIN. DET(JAC)
 ELEMENT TYPE    ID         EDGE      HEIGHT           RATIO    LENGTH RATIO  INCLUDED ANGLE     DETERMINANT       AT VERTEX
    TETRA        2397      45.26        7.40       6.12            1.00           11.36         4180.65         -247.74 xxxx
    TETRA        2474      45.25        9.24       4.90            1.00           16.96         4575.71        -1050.98 xxxx
    TETRA        2476      46.26        9.24       5.01            1.00           16.96         4574.91        -1055.65 xxxx
    TETRA        2487      45.25        4.21      10.75            1.00           16.96         1220.44         -141.93 xxxx
    TETRA        2602      45.25        9.24       4.90            1.00           16.96         4575.68        -1051.13 xxxx
    TETRA        2636      45.25        9.24       4.90            1.00           16.96         4574.82        -1056.32 xxxx
    TETRA        2682      45.25        4.57       9.89            1.00           12.76         1610.92          -89.11 xxxx
    TETRA        2685      45.25        9.24       4.90            1.00           16.96         4575.67        -1051.30 xxxx
    TETRA        2716      45.25        9.24       4.90            1.00           16.96         4575.70        -1051.02 xxxx
1                                                                          FEBRUARY  21, 2019  NX NASTRAN  9/21/17   PAGE    19
                                                                                                                                    
0                                                                                                            SUBCASE 2              


                            E L E M E N T   G E O M E T R Y   T E S T   R E S U L T S   S U M M A R Y
                                        TOTAL NUMBER OF TIMES TOLERANCES WERE EXCEEDED
 ELEMENT     SKEW    ASPECT/       MINIMUM       MAXIMUM    SURFACE/FACE  THICKNESS/     EDGE POINT    EDGE POINT       JACOBIAN
 TYPE        ANGLE  TAPER RATIO  INTER. ANGLE  INTER. ANGLE  WARP FACTOR  OFFSET RATIO  LENGTH RATIO  INCLUDED ANGLE  DETERMINANT
 TETRA         N/A          0           N/A           N/A           N/A           N/A             0             0            51     

         N/A IN THE ABOVE TABLE INDICATES TESTS THAT ARE NOT APPLICABLE TO THE ELEMENT TYPE AND WERE NOT PERFORMED.
         FOR ALL ELEMENTS WHERE GEOMETRY TEST RESULTS HAVE EXCEEDED TOLERANCES,

         TETRA    ELEMENT ID      168 PRODUCED SMALLEST VERTEX DET(JAC) -UWM 6828- OF   -1056.40 (TOLERANCE =        0.00).
 *** SYSTEM INFORMATION MESSAGE 6916 (DFMSYN)
     DECOMP ORDERING METHOD CHOSEN: DEFAULT, ORDERING METHOD USED: BEND
 *** USER INFORMATION MESSAGE 5010 (LNCILS)
     STURM SEQUENCE DATA FOR EIGENVALUE EXTRACTION.
     TRIAL EIGENVALUE = -2.141965E+00, CYCLES = -2.329305E-01 NUMBER OF EIGENVALUES BELOW THIS VALUE =     0
 *** USER INFORMATION MESSAGE 5010 (LNCILS)
     STURM SEQUENCE DATA FOR EIGENVALUE EXTRACTION.
     TRIAL EIGENVALUE =  1.781946E+02, CYCLES =  2.124552E+00 NUMBER OF EIGENVALUES BELOW THIS VALUE =    10
 *** USER INFORMATION MESSAGE 5010 (LNCILS)
     STURM SEQUENCE DATA FOR EIGENVALUE EXTRACTION.
     TRIAL EIGENVALUE = -3.135029E+02, CYCLES = -2.818000E+00 NUMBER OF EIGENVALUES BELOW THIS VALUE =     0

 TABLE OF SHIFTS:  (LNNRIGL)
 SHIFT #        SHIFT VALUE         FREQUENCY, CYCLES     # EIGENVALUES BELOW    # NEW EIGENVALUES FOUND
     1.       -2.1419647E+00         -2.3293046E-01                 0                       10
     2.        1.7819464E+02          2.1245524E+00                10                       13
     3.       -3.1350294E+02         -2.8179997E+00                 0                        0

1                                                                          FEBRUARY  21, 2019  NX NASTRAN  9/21/17   PAGE    20
                                                                                                                                    
0                                                                                                            SUBCASE 2              
0


                          E I G E N V A L U E  A N A L Y S I S   S U M M A R Y   (READ MODULE) 



                                     BLOCK SIZE USED ......................    7

                                     NUMBER OF DECOMPOSITIONS .............    3

                                     NUMBER OF ROOTS FOUND ................   10

                                     NUMBER OF SOLVES REQUIRED ............   42

1                                                                          FEBRUARY  21, 2019  NX NASTRAN  9/21/17   PAGE    21
                                                                                                                                    
0                                                                                                            SUBCASE 2              
 
                                              R E A L   E I G E N V A L U E S
   MODE    EXTRACTION      EIGENVALUE            RADIANS             CYCLES            GENERALIZED         GENERALIZED
    NO.       ORDER                                                                       MASS              STIFFNESS
        1         1        2.254700E+00        1.501566E+00        2.389816E-01        4.673749E+04        1.053790E+05
        2         2        2.273097E+00        1.507679E+00        2.399546E-01        4.672869E+04        1.062188E+05
        3         3        1.991268E+01        4.462363E+00        7.102071E-01        1.041469E+05        2.073843E+06
        4         4        2.012411E+01        4.485990E+00        7.139675E-01        1.042755E+05        2.098452E+06
        5         5        5.359276E+01        7.320708E+00        1.165127E+00        2.838664E+05        1.521319E+07
        6         6        5.403967E+01        7.351168E+00        1.169975E+00        2.838621E+05        1.533981E+07
        7         7        1.001841E+02        1.000920E+01        1.593013E+00        5.437786E+05        5.447795E+07
        8         8        1.007300E+02        1.003643E+01        1.597348E+00        5.446632E+05        5.486393E+07
        9         9        1.552755E+02        1.246096E+01        1.983223E+00        9.065505E+05        1.407651E+08
       10        10        1.556805E+02        1.247720E+01        1.985808E+00        9.087424E+05        1.414735E+08
1                                                                          FEBRUARY  21, 2019  NX NASTRAN  9/21/17   PAGE    22
                                                                                                                                    
0                                                                                                            SUBCASE 2              
 *** USER INFORMATION MESSAGE 4114 (OUTPBN2)
     DATA BLOCK OQG1     WRITTEN ON FORTRAN UNIT  12, TRL =
                    101                 6             48224                21                19                 0                 1
     (MAXIMUM POSSIBLE FORTRAN RECORD SIZE =    65538 WORDS.)
     (MAXIMUM SIZE OF FORTRAN RECORDS WRITTEN =    44144 WORDS.)
     (NUMBER OF FORTRAN RECORDS WRITTEN =      114 RECORDS.)
     (TOTAL DATA WRITTEN FOR DATA BLOCK =   443007 WORDS.)
 *** USER INFORMATION MESSAGE 4114 (OUTPBN2)
     DATA BLOCK LAMA     WRITTEN ON FORTRAN UNIT  12, TRL =
                    101                10                 0                 0                 0                 0                 0
     (MAXIMUM POSSIBLE FORTRAN RECORD SIZE =    65538 WORDS.)
     (MAXIMUM SIZE OF FORTRAN RECORDS WRITTEN =      146 WORDS.)
     (NUMBER OF FORTRAN RECORDS WRITTEN =       24 RECORDS.)
     (TOTAL DATA WRITTEN FOR DATA BLOCK =      246 WORDS.)
 *** USER INFORMATION MESSAGE 4114 (OUTPBN2)
     DATA BLOCK BOUGV1   WRITTEN ON FORTRAN UNIT  12, TRL =
                    101                 6             48224                21                19                 0                 1
     (MAXIMUM POSSIBLE FORTRAN RECORD SIZE =    65538 WORDS.)
     (MAXIMUM SIZE OF FORTRAN RECORDS WRITTEN =    44144 WORDS.)
     (NUMBER OF FORTRAN RECORDS WRITTEN =      114 RECORDS.)
     (TOTAL DATA WRITTEN FOR DATA BLOCK =   443007 WORDS.)
 *** USER INFORMATION MESSAGE 4114 (OUTPBN2)
     DATA BLOCK OES1     WRITTEN ON FORTRAN UNIT  12, TRL =
                    101                63                 2                21                19                 0                 1
     (MAXIMUM POSSIBLE FORTRAN RECORD SIZE =    65538 WORDS.)
     (MAXIMUM SIZE OF FORTRAN RECORDS WRITTEN =    65538 WORDS.)
     (NUMBER OF FORTRAN RECORDS WRITTEN =      194 RECORDS.)
     (TOTAL DATA WRITTEN FOR DATA BLOCK =  2997977 WORDS.)
1                                                                          FEBRUARY  21, 2019  NX NASTRAN  9/21/17   PAGE    23
                                                                                                                                    
0                                                                                                            SUBCASE 2              
1                                                                          FEBRUARY  21, 2019  NX NASTRAN  9/21/17   PAGE    24
                                                                                                                                    
0                                                                                                            SUBCASE 2              
1                                                                          FEBRUARY  21, 2019  NX NASTRAN  9/21/17   PAGE    25
                                                                                                                                    
0                                                                                                            SUBCASE 2              
 *** USER INFORMATION MESSAGE 4110 (OUTPBN2)
                                 END-OF-DATA SIMULATION ON FORTRAN UNIT 12
                                 (MAXIMUM SIZE OF FORTRAN RECORDS WRITTEN =      1 WORDS.)
                                       (NUMBER OF FORTRAN RECORDS WRITTEN =      1 RECORDS.)
                                       (TOTAL DATA WRITTEN FOR EOF MARKER =      1 WORDS.)
1                                                                          FEBRUARY  21, 2019  NX NASTRAN  9/21/17   PAGE    26
                                                                                                                                    
0                                                                                                            SUBCASE 2              
 * * * *  D B D I C T   P R I N T  * * * *      SUBDMAP = PRTSUM  ,  DMAP STATEMENT NO.     29



0                                   * * * *  A N A L Y S I S  S U M M A R Y  T A B L E  * * * *
0 SEID  PEID PROJ VERS APRCH      SEMG SEMR SEKR SELG SELR MODES DYNRED SOLLIN PVALID SOLNL LOOPID DESIGN CYCLE SENSITIVITY
 --------------------------------------------------------------------------------------------------------------------------
     0     0    1    1 '        '    T    T    T    T    T     T      F      T      0     F     -1            0           F
0SEID = SUPERELEMENT ID.
 PEID = PRIMARY SUPERELEMENT ID OF IMAGE SUPERELEMENT.
 PROJ = PROJECT ID NUMBER.
 VERS = VERSION ID.
 APRCH = BLANK FOR STRUCTURAL ANALYSIS.  HEAT FOR HEAT TRANSFER ANALYSIS.
 SEMG = STIFFNESS AND MASS MATRIX GENERATION STEP.
 SEMR = MASS MATRIX REDUCTION STEP (INCLUDES EIGENVALUE SOLUTION FOR MODES).
 SEKR = STIFFNESS MATRIX REDUCTION STEP.
 SELG = LOAD MATRIX GENERATION STEP.
 SELR = LOAD MATRIX REDUCTION STEP. 
 MODES = T (TRUE) IF NORMAL MODES OR BUCKLING MODES CALCULATED.
 DYNRED = T (TRUE) MEANS GENERALIZED DYNAMIC AND/OR COMPONENT MODE REDUCTION PERFORMED.
 SOLLIN = T (TRUE) IF LINEAR SOLUTION EXISTS IN DATABASE.
 PVALID = P-DISTRIBUTION ID OF P-VALUE FOR P-ELEMENTS
 LOOPID = THE LAST LOOPID VALUE USED IN THE NONLINEAR ANALYSIS.  USEFUL FOR RESTARTS.
 SOLNL = T (TRUE) IF NONLINEAR SOLUTION EXISTS IN DATABASE.
 DESIGN CYCLE = THE LAST DESIGN CYCLE (ONLY VALID IN OPTIMIZATION).
 SENSITIVITY = SENSITIVITY MATRIX GENERATION FLAG.
1                                        * * * END OF JOB * * *
 
 
