1
 
 
 
 
                                                             
                 Copyright 2017 Siemens Product Lifecycle    
                        Management Software Inc.             
                         All Rights Reserved.                
                                                             
               This software and related documentation are   
                 proprietary to Siemens Product Lifecycle    
                        Management Software Inc.             
                                                             
              Siemens and the Siemens logo are registered    
             trademarks of Siemens AG. NX is a trademark or  
                registered trademark of Siemens Product      
               Lifecycle Management Software Inc. or its     
             subsidiaries in the United States and in other  
             countries.  NASTRAN is a registered trademark   
                 of the National Aeronautics and Space       
                 Administration.  All other trademarks,      
              registered trademarks or service marks belong  
                      to their respective holders.           
                                                             
           LIMITATIONS TO U.S. GOVERNMENT RIGHTS. UNPUBLISHED
           - RIGHTS RESERVED UNDER THE COPYRIGHT LAWS OF THE 
            UNITED STATES. This computer software and related
               computer software documentation have been     
            developed exclusively at private expense and are 
           provided subject to the following rights:  If this
               computer software and computer  software      
            documentation qualify as "commercial items" (as  
             that term is defined in FAR 2.101), their use,  
            duplication or disclosure by the U.S. Government 
           is subject to the protections and restrictions as 
            set forth in the Siemens commercial license for  
            software and/or documentation, as prescribed in  
           FAR 12.212 and FAR 27.405(b)(2)(i) (for civilian  
             agencies) and in DFARS 227.7202-1(a) and DFARS  
           227.7202-3(a) (for the Department of Defense), or 
           any successor or similar regulation, as applicable
           or as amended from time to time.  If this computer
           software and computer documentation do not qualify
            as "commercial items", then they are "restricted 
           computer software" and are provided with "restric-
            tive rights", and their use, duplication or dis- 
            closure by the U.S. Government is subject to the 
            protections and restrictions as set forth in FAR 
           27.404(b) and FAR 52-227-14 (for civilian agencies
           ), and DFARS 227.7203-5(c) and DFARS 252.227-7014 
           (for the Department of Defense), or any successor 
           or similar regulation, as applicable or as amended
              from time to time.  Siemens PLM Software Inc.  
            5800 Granite Parkway, Suite 600, Plano, TX 75024 

                * * * * * * * * * * * * * * * * * * * *
                * * * * * * * * * * * * * * * * * * * *
                * *                                 * *
                * *                                 * *
                * *                                 * *
                * *                                 * *
                * *       N X   N a s t r a n       * *
                * *                                 * *
                * *        VERSION -   12.0         * *
                * *                                 * *
                * *          SEP 21, 2017           * *
                * *                                 * *
                * *                                 * *
                * *Intel64 Family 6 Model 78 Steppi * *
                * *                                 * *
                * *MODEL Intel(R) Core(TM) i5-6200U * *
                * *                                 * *
                * *           Windows 10            * *
                * *                                 * *
                * *       Compiled for X86-64       * *
                * *                                 * *
                * * * * * * * * * * * * * * * * * * * *
                * * * * * * * * * * * * * * * * * * * *
1 
  
                        Welcome to NX Nastran
                        -------------------------
  
  
 This "news" information can be turned off by setting "news=no" in the runtime
 configuration (RC) file.  The "news" keyword can be set in the system RC file
 for global, or multi-user control, and in a local file for local control.
 Individual jobs can be controlled by setting news to yes or no on the command
 line.
1                                                                          FEBRUARY  22, 2019  NX NASTRAN  9/21/17   PAGE     1
                                                                                                                                    
0        N A S T R A N    F I L E    A N D    S Y S T E M    P A R A M E T E R    E C H O                                           
0                                                                                                                                   
                                                                                                                                    
                                                                                                                                    
     NASTRAN BUFFSIZE=32769 $(C:/PROGRAM FILES/SIEMENS/NX 12.0/NXNASTRAN/CONF/NAST12.
     NASTRAN BUFFPOOL=2906                                                           
     NASTRAN DIAGA=128 DIAGB=0 $(C:/PROGRAM FILES/SIEMENS/NX 12.0/NXNASTRAN/CONF/NAST
     NASTRAN SYSTEM(442)=2 $(COMMAND LINE[5])                                        
     NASTRAN REAL=1056964608 $(MEMORY LIMIT FOR MPI AND OTHER SPECIALIZED MODULES)   
     $*$$$$$$$$$$$$$$$$$$$$$$$$$$$$$$$$$$$$$$$$$$$$$$$$$$$$$$$$$$$$$$$$$             
     $*                                                                              
     $*                    SIMCENTER V12.0.0.27 TRANSLATOR                           
     $*                    FOR NX NASTRAN VERSION 12.0                               
     $*                                                                              
     $*             FEM FILE: C:\USERS\SARAH GARNER\DOCUMENTS\GITHUB\CAPSTONE2018\STR
     $*             SIM FILE: C:\USERS\SARAH GARNER\DOCUMENTS\GITHUB\CAPSTONE2018\STR
     $*        ANALYSIS TYPE: STRUCTURAL                                             
     $*        SOLUTION NAME: LAUNCH FROM EARTH (FULL PROPELLANT)                    
     $*        SOLUTION TYPE: SOL 101 LINEAR STATICS - GLOBAL CONSTRAINTS            
     $*                                                                              
     $*    SOLVER INPUT FILE: MMHTANK_STAGE2_SIM1-LAUNCH_FROM_EARTH_(FULL_PROPELLANT)
     $*        CREATION DATE: 22-FEB-2019                                            
     $*        CREATION TIME: 21:10:17                                               
     $*             HOSTNAME: DESKTOP-1930EAS                                        
     $*      NASTRAN LICENSE: DESKTOP BUNDLE                                         
     $*                                                                              
     $*                UNITS: MM (MILLI-NEWTON)                                      
     $*                      ... LENGTH : MM                                         
     $*                      ... TIME   : SEC                                        
     $*                      ... MASS   : KILOGRAM (KG)                              
     $*                      ... TEMPERATURE : DEG CELSIUS                           
     $*                      ... FORCE  : MILLI-NEWTON                               
     $*                      ... THERMAL ENERGY : MN-MM (MICRO-JOULE)                
     $*                                                                              
     $* IMPORTANT NOTE:                                                              
     $*     THIS BANNER WAS GENERATED BY SIMCENTER AND ALTERING THIS                 
     $*     INFORMATION MAY COMPROMISE THE PRE AND POST PROCESSING OF RESULTS        
     $*                                                                              
     $*$$$$$$$$$$$$$$$$$$$$$$$$$$$$$$$$$$$$$$$$$$$$$$$$$$$$$$$$$$$$$$$$$             
     $*                                                                              
     $*$$$$$$$$$$$$$$$$$$$$$$$$$$$$$$$$$$$                                           
     $*                                                                              
     $* FILE MANAGEMENT                                                              
     $*                                                                              
     $*$$$$$$$$$$$$$$$$$$$$$$$$$$$$$$$$$$$                                           
     $*                                                                              
     $*                                                                              
     $*$$$$$$$$$$$$$$$$$$$$$$$$$$$$$$$$$$$                                           
     $*                                                                              
     $* EXECUTIVE CONTROL                                                            
     $*                                                                              
     $*$$$$$$$$$$$$$$$$$$$$$$$$$$$$$$$$$$$                                           
     $*                                                                              
1                                                                          FEBRUARY  22, 2019  NX NASTRAN  9/21/17   PAGE     2
                                                                                                                                    
0        N A S T R A N    E X E C U T I V E    C O N T R O L    E C H O                                                             
0                                                                                                                                   
                                                                                                                                    
                                                                                                                                    
     ID,NASTRAN,MMHTANK_STAGE2_SIM1-LAUNCH_FROM_EARTH_(FULL_PROPELLANT)                      
     SOL 101                                                                                 
     CEND                                                                                    
1                                                                          FEBRUARY  22, 2019  NX NASTRAN  9/21/17   PAGE     3
                                                                                                                                    
0                                                                                                                                   
0                                        C A S E    C O N T R O L    E C H O                                                        
                 COMMAND                                                                                                            
                 COUNT                                                                                                              
                  1      $*                                                                                      
                  2      $*$$$$$$$$$$$$$$$$$$$$$$$$$$$$$$$$$$$                                                   
                  3      $*                                                                                      
                  4      $* CASE CONTROL                                                                         
                  5      $*                                                                                      
                  6      $*$$$$$$$$$$$$$$$$$$$$$$$$$$$$$$$$$$$                                                   
                  7      $*                                                                                      
                  8      ECHO = NONE                                                                             
                  9      SPC = 1                                                                                 
                 10      OUTPUT                                                                                  
                 11      DISPLACEMENT(PLOT,REAL) = ALL                                                           
                 12      SPCFORCES(PLOT,REAL) = ALL                                                              
                 13      STRESS(PLOT,REAL,VONMISES,CENTER) = ALL                                                 
                 14      $*  STEP: SUBCASE - STATIC LOADS 1                                                      
                 15      SUBCASE 1                                                                               
                 16        LABEL = SUBCASE - STATIC LOADS 1                                                      
                 17        LOAD = 2                                                                              
                 18      $*                                                                                      
                 19      $*$$$$$$$$$$$$$$$$$$$$$$$$$$$$$$$$$$$                                                   
                 20      $*                                                                                      
                 21      $* BULK DATA                                                                            
                 22      $*                                                                                      
                 23      $*$$$$$$$$$$$$$$$$$$$$$$$$$$$$$$$$$$$                                                   
                 24      $*                                                                                      
                 25      BEGIN BULK                                                                              
0                             INPUT BULK DATA ENTRY COUNT =      199277
0                       TOTAL COUNT=    199253


                                        M O D E L   S U M M A R Y

                                   NUMBER OF GRID     POINTS   =    60024
 
 
                                   NUMBER OF CTETRA   ELEMENTS =    34467
 
 *** USER INFORMATION MESSAGE 4109 (OUTPBN2)
     THE LABEL IS NX12.0   FOR FORTRAN UNIT 12
     (MAXIMUM SIZE OF FORTRAN RECORDS WRITTEN =        7 WORDS.)
     (NUMBER OF FORTRAN RECORDS WRITTEN =        8 RECORDS.)
     (TOTAL DATA WRITTEN FOR TAPE LABEL =       17 WORDS.)
1                                                                          FEBRUARY  22, 2019  NX NASTRAN  9/21/17   PAGE     4
                                                                                                                                    
0                                                                                                                                   
0                                                                                                                                   
                                                                                                                                    
                                                                                                                                    
 *** USER INFORMATION MESSAGE 4114 (OUTPBN2)
     DATA BLOCK IBULK    WRITTEN ON FORTRAN UNIT  12, TRL =
                    101                 1                 0                 0                 0                 0                 0
     (MAXIMUM POSSIBLE FORTRAN RECORD SIZE =    65538 WORDS.)
     (MAXIMUM SIZE OF FORTRAN RECORDS WRITTEN =       20 WORDS.)
     (NUMBER OF FORTRAN RECORDS WRITTEN =   996394 RECORDS.)
     (TOTAL DATA WRITTEN FOR DATA BLOCK =  4782647 WORDS.)
 *** USER INFORMATION MESSAGE 4114 (OUTPBN2)
     DATA BLOCK ICASE    WRITTEN ON FORTRAN UNIT  12, TRL =
                    102                27                 0                 0                 0                 0                 0
     (MAXIMUM POSSIBLE FORTRAN RECORD SIZE =    65538 WORDS.)
     (MAXIMUM SIZE OF FORTRAN RECORDS WRITTEN =       20 WORDS.)
     (NUMBER OF FORTRAN RECORDS WRITTEN =      149 RECORDS.)
     (TOTAL DATA WRITTEN FOR DATA BLOCK =      674 WORDS.)
 *** USER INFORMATION MESSAGE 4114 (OUTPBN2)
     DATA BLOCK CASECC   WRITTEN ON FORTRAN UNIT  12, TRL =
                    103                 1                 0              1200                 0                 0                 0
     (MAXIMUM POSSIBLE FORTRAN RECORD SIZE =    65538 WORDS.)
     (MAXIMUM SIZE OF FORTRAN RECORDS WRITTEN =     1200 WORDS.)
     (NUMBER OF FORTRAN RECORDS WRITTEN =       19 RECORDS.)
     (TOTAL DATA WRITTEN FOR DATA BLOCK =     1226 WORDS.)
 *** USER INFORMATION MESSAGE 4114 (OUTPBN2)
     DATA BLOCK PVT0     WRITTEN ON FORTRAN UNIT  12, TRL =
                    101                28                 0                 0                 0                 0                 0
     (MAXIMUM POSSIBLE FORTRAN RECORD SIZE =    65538 WORDS.)
     (MAXIMUM SIZE OF FORTRAN RECORDS WRITTEN =       28 WORDS.)
     (NUMBER OF FORTRAN RECORDS WRITTEN =       19 RECORDS.)
     (TOTAL DATA WRITTEN FOR DATA BLOCK =       54 WORDS.)
 *** USER INFORMATION MESSAGE 4114 (OUTPBN2)
     DATA BLOCK GPL      WRITTEN ON FORTRAN UNIT  12, TRL =
                    101             60024             60024                 0                 0                 0                 0
     (MAXIMUM POSSIBLE FORTRAN RECORD SIZE =    65538 WORDS.)
     (MAXIMUM SIZE OF FORTRAN RECORDS WRITTEN =    65538 WORDS.)
     (NUMBER OF FORTRAN RECORDS WRITTEN =       26 RECORDS.)
     (TOTAL DATA WRITTEN FOR DATA BLOCK =   180103 WORDS.)
 *** USER INFORMATION MESSAGE 4114 (OUTPBN2)
     DATA BLOCK GPDT     WRITTEN ON FORTRAN UNIT  12, TRL =
                    102             60024                 7                 0                 1                 0                 0
     (MAXIMUM POSSIBLE FORTRAN RECORD SIZE =    65538 WORDS.)
     (MAXIMUM SIZE OF FORTRAN RECORDS WRITTEN =    65538 WORDS.)
     (NUMBER OF FORTRAN RECORDS WRITTEN =       37 RECORDS.)
     (TOTAL DATA WRITTEN FOR DATA BLOCK =   600266 WORDS.)
 *** USER INFORMATION MESSAGE 4114 (OUTPBN2)
     DATA BLOCK EPT      WRITTEN ON FORTRAN UNIT  12, TRL =
                    101                 0               256                 0                 0                 0                 0
     (MAXIMUM POSSIBLE FORTRAN RECORD SIZE =    65538 WORDS.)
     (MAXIMUM SIZE OF FORTRAN RECORDS WRITTEN =       10 WORDS.)
     (NUMBER OF FORTRAN RECORDS WRITTEN =       24 RECORDS.)
     (TOTAL DATA WRITTEN FOR DATA BLOCK =       43 WORDS.)
1                                                                          FEBRUARY  22, 2019  NX NASTRAN  9/21/17   PAGE     5
                                                                                                                                    
0                                                                                                                                   
0                                                                                                                                   
                                                                                                                                    
                                                                                                                                    
 *** USER INFORMATION MESSAGE 4114 (OUTPBN2)
     DATA BLOCK MPT      WRITTEN ON FORTRAN UNIT  12, TRL =
                    101             33280                 0                 0                 0                 0                 0
     (MAXIMUM POSSIBLE FORTRAN RECORD SIZE =    65538 WORDS.)
     (MAXIMUM SIZE OF FORTRAN RECORDS WRITTEN =       15 WORDS.)
     (NUMBER OF FORTRAN RECORDS WRITTEN =       29 RECORDS.)
     (TOTAL DATA WRITTEN FOR DATA BLOCK =       67 WORDS.)
 *** USER INFORMATION MESSAGE 4114 (OUTPBN2)
     DATA BLOCK GEOM2    WRITTEN ON FORTRAN UNIT  12, TRL =
                    101                 0                 0                 0               512                 0                 0
     (MAXIMUM POSSIBLE FORTRAN RECORD SIZE =    65538 WORDS.)
     (MAXIMUM SIZE OF FORTRAN RECORDS WRITTEN =    65538 WORDS.)
     (NUMBER OF FORTRAN RECORDS WRITTEN =       36 RECORDS.)
     (TOTAL DATA WRITTEN FOR DATA BLOCK =   413640 WORDS.)
 *** USER INFORMATION MESSAGE 4114 (OUTPBN2)
     DATA BLOCK GEOM3    WRITTEN ON FORTRAN UNIT  12, TRL =
                    102                 0                 0                64                 0                 0                 0
     (MAXIMUM POSSIBLE FORTRAN RECORD SIZE =    65538 WORDS.)
     (MAXIMUM SIZE OF FORTRAN RECORDS WRITTEN =    15718 WORDS.)
     (NUMBER OF FORTRAN RECORDS WRITTEN =       24 RECORDS.)
     (TOTAL DATA WRITTEN FOR DATA BLOCK =    15751 WORDS.)
 *** USER INFORMATION MESSAGE 4114 (OUTPBN2)
     DATA BLOCK GEOM4    WRITTEN ON FORTRAN UNIT  12, TRL =
                    103                 0                 0                 0               512                 0                 0
     (MAXIMUM POSSIBLE FORTRAN RECORD SIZE =    65538 WORDS.)
     (MAXIMUM SIZE OF FORTRAN RECORDS WRITTEN =    31995 WORDS.)
     (NUMBER OF FORTRAN RECORDS WRITTEN =       24 RECORDS.)
     (TOTAL DATA WRITTEN FOR DATA BLOCK =    32028 WORDS.)
 *** USER INFORMATION MESSAGE 4114 (OUTPBN2)
     DATA BLOCK GEOM1    WRITTEN ON FORTRAN UNIT  12, TRL =
                    104                 0                 0                 8                 0                 0                 0
     (MAXIMUM POSSIBLE FORTRAN RECORD SIZE =    65538 WORDS.)
     (MAXIMUM SIZE OF FORTRAN RECORDS WRITTEN =    65538 WORDS.)
     (NUMBER OF FORTRAN RECORDS WRITTEN =       44 RECORDS.)
     (TOTAL DATA WRITTEN FOR DATA BLOCK =   660300 WORDS.)
 *** USER INFORMATION MESSAGE 4114 (OUTPBN2)
     DATA BLOCK BGPDT    WRITTEN ON FORTRAN UNIT  12, TRL =
                    105             60024                 0            360144                 1                 0             60024
     (MAXIMUM POSSIBLE FORTRAN RECORD SIZE =    65538 WORDS.)
     (MAXIMUM SIZE OF FORTRAN RECORDS WRITTEN =    65538 WORDS.)
     (NUMBER OF FORTRAN RECORDS WRITTEN =       46 RECORDS.)
     (TOTAL DATA WRITTEN FOR DATA BLOCK =   840366 WORDS.)
 *** USER INFORMATION MESSAGE 4114 (OUTPBN2)
     DATA BLOCK DIT      WRITTEN ON FORTRAN UNIT  12, TRL =
                    101             32768                 0                 0                 0                 0                 0
     (MAXIMUM POSSIBLE FORTRAN RECORD SIZE =    65538 WORDS.)
     (MAXIMUM SIZE OF FORTRAN RECORDS WRITTEN =      137 WORDS.)
     (NUMBER OF FORTRAN RECORDS WRITTEN =       24 RECORDS.)
     (TOTAL DATA WRITTEN FOR DATA BLOCK =      170 WORDS.)
1                                                                          FEBRUARY  22, 2019  NX NASTRAN  9/21/17   PAGE     6
                                                                                                                                    
0                                                                                                                                   
0                                                                                                                                   
                                                                                                                                    
                                                                                                                                    
 *** USER INFORMATION MESSAGE 4114 (OUTPBN2)
     DATA BLOCK EQEXIN   WRITTEN ON FORTRAN UNIT  12, TRL =
                    101             60024                 0                 0                 0                 0                 0
     (MAXIMUM POSSIBLE FORTRAN RECORD SIZE =    65538 WORDS.)
     (MAXIMUM SIZE OF FORTRAN RECORDS WRITTEN =    65538 WORDS.)
     (NUMBER OF FORTRAN RECORDS WRITTEN =       28 RECORDS.)
     (TOTAL DATA WRITTEN FOR DATA BLOCK =   240126 WORDS.)
 *** USER INFORMATION MESSAGE 7555 (ETETGS)
     FINITE ELEMENT GEOMETRY CHECK RESULTS EXCEED TOLERANCE LEVELS FOR THE FOLLOWING ELEMENTS.
     USER ACTION: USE THE GEOMCHECK (EXECUTIVE CONTROL STATEMENT) KEYWORD=VALUE TO CHANGE TOLERANCE VALUES IF DESIRED.
     ALL EDGE LENGTH TO HEIGHT  RATIO (AR)TOLERANCE LIMIT VIOLATIONS WILL BE IDENTIFIED AND INDICATED BY FAIL.
     A MINIMUM OF        100 EDGE NODE POINT LENGTH RATIO (ER)TOLERANCE LIMIT VIOLATIONS WILL BE IDENTIFIED AND INDICATED BY xxxx.
     A MINIMUM OF        100 EDGE NODE POINT INCLUDED ANGLE   TOLERANCE LIMIT VIOLATIONS WILL BE IDENTIFIED AND INDICATED BY xxxx.
     ALL NEG/ZERO DET(JACOBIAN) VALUE (DJ)TOLERANCE LIMIT VIOLATIONS WILL BE IDENTIFIED AND INDICATED BY FAIL.
     A MINIMUM OF        100 NEG DET(JAC) AT VERTEX NODE  (DG)TOLERANCE LIMIT VIOLATIONS WILL BE IDENTIFIED AND INDICATED BY xxxx.
1                                                                          FEBRUARY  22, 2019  NX NASTRAN  9/21/17   PAGE     7
                                                                                                                                    
0                                                                                                                                   
     TOLERANCE LIMITS ARE:  TET_AR =   100.00, TET_EPLR =   0.50, TET_EPIA =  30.00, TET_DETJ =   0.00, TET_DETG =   0.00
                            (xxxx = LIMIT VIOLATED)
                         LONGEST    SHORTEST          ASPECT      EDGE POINT      EDGE POINT   MIN. JACOBIAN   MIN. DET(JAC)
 ELEMENT TYPE    ID         EDGE      HEIGHT           RATIO    LENGTH RATIO  INCLUDED ANGLE     DETERMINANT       AT VERTEX
    TETRA         284      56.03        5.05      11.10            0.99            6.99         2372.81          -89.64 xxxx
    TETRA         562      47.53        1.05      45.47            1.00            2.04          175.00         -135.85 xxxx
    TETRA        1434      40.43        3.19      12.69            0.99            6.13          321.83         -177.43 xxxx
    TETRA        1743      34.88        2.00      17.43            1.00            4.42          305.20          -65.38 xxxx
    TETRA        2375      69.69        2.67      26.08            1.00            3.28         1514.32         -126.67 xxxx
    TETRA        2584      34.88        4.59       7.61            0.99            8.84          616.53         -522.86 xxxx
    TETRA        2656      65.01        2.43      26.73            1.00            2.94          757.29         -716.17 xxxx
    TETRA        2831      60.53        4.74      12.76            0.99            5.61         1583.24        -1027.15 xxxx
    TETRA        2916      71.14        1.82      39.00            1.00            1.77          768.07         -522.02 xxxx
    TETRA        3021      67.13        2.46      27.25            1.00            2.22         1608.08          -75.50 xxxx
    TETRA        3027      49.11        1.90      25.83            1.00            3.21          708.27          -51.83 xxxx
    TETRA        3260      64.96        5.29      12.29            1.00            6.12         2191.49         -771.94 xxxx
    TETRA        3324      36.53        4.74       7.70            0.99            8.52         1021.60         -221.65 xxxx
    TETRA        4056      35.79        2.44      14.66            0.99            5.06          409.10          -75.76 xxxx
    TETRA        4133      34.65        2.62      13.23            1.00            4.54          449.51          -44.00 xxxx
    TETRA        4460      49.28        2.11      23.37            1.00            3.55          437.00         -176.91 xxxx
    TETRA        4583      52.51        3.55      14.80            0.99            5.36         1033.30          -54.91 xxxx
    TETRA        4601      35.94        4.93       7.29            1.00            9.07         1212.71          -34.33 xxxx
    TETRA        4679      72.20        1.38      52.33            1.00            1.29          629.95         -390.47 xxxx
    TETRA        4761      35.74        4.17       8.58            0.96            8.59          262.05         -130.72 xxxx
    TETRA        4772      35.68        3.07      11.64            0.96            8.66          314.48          -36.83 xxxx
    TETRA        4872      42.66        2.22      19.25            0.99            4.03          362.76         -212.52 xxxx
    TETRA        5065      50.57        5.34       9.47            0.99            8.23         1677.22         -438.17 xxxx
    TETRA        5274      50.57        6.77       7.47            1.00            8.23         2450.89         -910.81 xxxx
    TETRA        5572      35.46        2.25      15.74            0.97            6.48          228.23          -27.22 xxxx
    TETRA        5586      42.92        3.00      14.31            0.98            5.94          501.30          -27.25 xxxx
    TETRA        5688      35.33        2.69      13.16            0.98            8.05          303.27         -174.68 xxxx
    TETRA        5711      45.32        2.90      15.65            0.99            4.65          541.03         -195.42 xxxx
    TETRA        6021      35.83        2.61      13.73            0.98            4.34          481.68         -146.27 xxxx
    TETRA        6029      46.49        3.86      12.06            1.00            4.84          631.10          -57.32 xxxx
    TETRA        6229      48.52        2.21      21.92            0.99            3.63          616.21          -72.42 xxxx
    TETRA        6277      41.87        2.62      15.97            0.99            4.00          398.23         -418.83 xxxx
    TETRA        6672      34.65        4.85       7.14            0.97            8.67          542.82         -485.80 xxxx
    TETRA        7019      33.21        4.62       7.19            0.98            7.96          654.88         -200.67 xxxx
    TETRA        7263      38.60        3.61      10.68            0.98            7.15          551.27         -105.06 xxxx
    TETRA        7712      41.78        4.73       8.83            0.97            7.41          874.75          -87.68 xxxx
    TETRA        8163      42.72        5.12       8.35            0.97            7.98          929.60         -628.43 xxxx
    TETRA        8198      66.28        3.89      17.02            1.00            3.66         1720.75         -859.25 xxxx
    TETRA        8721      35.79        3.28      10.91            0.99            6.88          430.22          -73.93 xxxx
    TETRA        8817      37.67        2.89      13.03            0.98            6.60          338.34         -291.95 xxxx
    TETRA        8873      49.58        4.60      10.77            0.99            6.26         1568.27         -473.65 xxxx
    TETRA        8881      73.99        2.66      27.79            1.00            3.33         1521.84         -258.66 xxxx
1                                                                          FEBRUARY  22, 2019  NX NASTRAN  9/21/17   PAGE     8
                                                                                                                                    
0                                                                                                                                   
     TOLERANCE LIMITS ARE:  TET_AR =   100.00, TET_EPLR =   0.50, TET_EPIA =  30.00, TET_DETJ =   0.00, TET_DETG =   0.00
                            (xxxx = LIMIT VIOLATED)
                         LONGEST    SHORTEST          ASPECT      EDGE POINT      EDGE POINT   MIN. JACOBIAN   MIN. DET(JAC)
 ELEMENT TYPE    ID         EDGE      HEIGHT           RATIO    LENGTH RATIO  INCLUDED ANGLE     DETERMINANT       AT VERTEX
    TETRA        9117      65.32        4.43      14.75            1.00            5.03         2572.49          -38.43 xxxx
    TETRA        9151      82.76        2.01      41.18            1.00            2.46         1286.51         -387.37 xxxx
    TETRA        9288      40.93        2.35      17.43            0.99            3.87          335.67         -422.17 xxxx
    TETRA        9449      70.91        2.13      33.23            1.00            1.95          945.62         -571.58 xxxx
    TETRA       10084      58.04        4.58      12.67            1.00            4.85         1266.41        -1576.34 xxxx
    TETRA       10235      39.72        2.54      15.61            0.99            5.71          325.44         -209.89 xxxx
    TETRA       10477      67.36        4.68      14.39            0.99            5.37         2363.16         -496.08 xxxx
    TETRA       10814      45.29        1.93      23.45            1.00            3.23          351.13         -258.27 xxxx
    TETRA       10848      72.88        5.79      12.59            0.99            6.43         2251.93        -1878.99 xxxx
    TETRA       11420      37.36        4.73       7.90            0.96            8.59          657.91         -342.67 xxxx
    TETRA       11472      37.13        2.78      13.34            0.97            5.28          322.59         -149.77 xxxx
    TETRA       11486      39.21        3.03      12.95            1.00            5.69          537.66         -199.84 xxxx
    TETRA       11494      48.70        3.18      15.30            0.99            6.13          566.99         -238.83 xxxx
    TETRA       11498      41.63        3.79      10.99            0.99            6.29          695.91         -136.11 xxxx
    TETRA       11661      38.82        2.34      16.60            0.99            3.59          493.78          -88.13 xxxx
    TETRA       11668      77.53        3.04      25.52            1.00            3.60         1953.77          -74.93 xxxx
    TETRA       11972      51.19        3.07      16.68            1.00            5.36          506.63         -536.56 xxxx
    TETRA       12101      50.57        5.05      10.02            1.00            8.23         1569.67         -695.78 xxxx
    TETRA       12183      29.07        1.93      15.05            1.00            5.46          214.09          -11.67 xxxx
    TETRA       12241      35.36        3.27      10.80            0.99            6.88          449.06          -43.34 xxxx
    TETRA       12317      56.87        3.00      18.95            1.00            4.30          748.44         -609.13 xxxx
    TETRA       12453      39.75        4.92       8.08            0.97            9.07          954.79         -219.73 xxxx
    TETRA       12460      35.33        4.66       7.58            0.98            9.05          522.71         -315.87 xxxx
    TETRA       12709      33.73        2.51      13.45            0.99            4.53          307.56         -110.53 xxxx
    TETRA       12731      63.06        2.07      30.44            1.00            2.07          840.10         -132.08 xxxx
    TETRA       12733      48.89        3.15      15.50            0.99            5.51          598.90         -135.33 xxxx
    TETRA       12829      46.64        3.05      15.32            0.98            5.94          595.79           -2.38 xxxx
    TETRA       12897      49.33        2.46      20.03            0.99            3.10          683.49         -152.19 xxxx
    TETRA       12901      35.35        4.73       7.47            0.99            8.52          531.91         -183.88 xxxx
    TETRA       12921      37.79        2.22      16.99            0.99            3.86          431.78          -91.33 xxxx
    TETRA       13031      42.02        1.42      29.67            0.99            5.36          285.71           -9.39 xxxx
    TETRA       13245      37.93        2.38      15.91            0.98            4.18          496.98          -85.29 xxxx
    TETRA       13318      50.83        2.44      20.81            1.00            3.01          513.75         -679.67 xxxx
    TETRA       13506      53.93        2.61      20.63            1.00            6.68          757.75         -399.42 xxxx
    TETRA       13597      39.72        2.16      18.43            1.00            4.24          428.19         -102.94 xxxx
    TETRA       13611      47.35        5.08       9.31            0.98            8.38          762.68         -859.30 xxxx
    TETRA       13935      50.57        5.53       9.14            1.00            8.23         1897.30         -324.23 xxxx
    TETRA       14082      58.20        4.59      12.67            0.99            5.73         1294.53         -822.97 xxxx
    TETRA       14187      46.65        3.46      13.50            0.99            6.39          609.50         -406.35 xxxx
    TETRA       14216      34.79        4.20       8.29            0.98            9.05          581.44         -364.48 xxxx
    TETRA       14679      72.49        5.20      13.93            0.99            4.45         3401.03        -1091.98 xxxx
    TETRA       14806      72.10        1.81      39.75            1.00            1.41         1399.77         -105.21 xxxx
1                                                                          FEBRUARY  22, 2019  NX NASTRAN  9/21/17   PAGE     9
                                                                                                                                    
0                                                                                                                                   
     TOLERANCE LIMITS ARE:  TET_AR =   100.00, TET_EPLR =   0.50, TET_EPIA =  30.00, TET_DETJ =   0.00, TET_DETG =   0.00
                            (xxxx = LIMIT VIOLATED)
                         LONGEST    SHORTEST          ASPECT      EDGE POINT      EDGE POINT   MIN. JACOBIAN   MIN. DET(JAC)
 ELEMENT TYPE    ID         EDGE      HEIGHT           RATIO    LENGTH RATIO  INCLUDED ANGLE     DETERMINANT       AT VERTEX
    TETRA       14904      60.52        3.08      19.62            1.00            3.53         1165.55         -349.87 xxxx
    TETRA       15012      36.34        2.37      15.32            1.00            4.31          403.80          -45.80 xxxx
    TETRA       16136      42.24        6.00       7.04            0.96            9.91          948.01         -354.33 xxxx
    TETRA       16137      37.18        2.38      15.63            0.99            4.57          469.89         -134.35 xxxx
    TETRA       16484      36.46        4.23       8.62            0.97            6.51          829.43           -1.50 xxxx
    TETRA       17286      49.87        2.09      23.87            1.00            3.55          279.72         -238.51 xxxx
    TETRA       17398      34.41        1.73      19.94            1.00            6.36          345.84          -45.94 xxxx
    TETRA       17751      34.90        2.52      13.87            0.99            4.22          487.58          -84.59 xxxx
    TETRA       17802      40.38        2.49      16.25            0.99            6.89          319.82         -133.50 xxxx
    TETRA       17882      52.68        5.06      10.41            0.99            7.10         1104.30         -733.13 xxxx
    TETRA       17892      40.48        2.75      14.75            0.99            4.07          528.30         -170.55 xxxx
    TETRA       18028      35.12        2.49      14.09            0.99            5.65          248.35         -296.05 xxxx
    TETRA       18032      36.80        2.33      15.77            0.98            4.41          516.91          -32.83 xxxx
    TETRA       18148      38.60        2.46      15.66            0.98            4.51          572.83          -70.06 xxxx
    TETRA       18211      38.60        3.46      11.16            0.98            6.97          519.07         -119.74 xxxx
    TETRA       18382      37.01        2.57      14.38            0.99            5.97          320.40          -45.29 xxxx
1                                                                          FEBRUARY  22, 2019  NX NASTRAN  9/21/17   PAGE    10
                                                                                                                                    
0                                                                                                                                   


                            E L E M E N T   G E O M E T R Y   T E S T   R E S U L T S   S U M M A R Y
                                        TOTAL NUMBER OF TIMES TOLERANCES WERE EXCEEDED
 ELEMENT     SKEW    ASPECT/       MINIMUM       MAXIMUM    SURFACE/FACE  THICKNESS/     EDGE POINT    EDGE POINT       JACOBIAN
 TYPE        ANGLE  TAPER RATIO  INTER. ANGLE  INTER. ANGLE  WARP FACTOR  OFFSET RATIO  LENGTH RATIO  INCLUDED ANGLE  DETERMINANT
 TETRA         N/A          0           N/A           N/A           N/A           N/A             0             0           222     

         N/A IN THE ABOVE TABLE INDICATES TESTS THAT ARE NOT APPLICABLE TO THE ELEMENT TYPE AND WERE NOT PERFORMED.
         FOR ALL ELEMENTS WHERE GEOMETRY TEST RESULTS HAVE EXCEEDED TOLERANCES,

         TETRA    ELEMENT ID    31493 PRODUCED SMALLEST VERTEX DET(JAC) -UWM 6828- OF   -2471.72 (TOLERANCE =        0.00).
1                                                                          FEBRUARY  22, 2019  NX NASTRAN  9/21/17   PAGE    11
                                                                                                                                    
0                                                                                                                                   
 *** USER INFORMATION MESSAGE 7310 (VECPRN)
     ORIGIN OF SUPERELEMENT BASIC COORDINATE SYSTEM WILL BE USED AS REFERENCE LOCATION.
     RESULTANTS ABOUT ORIGIN OF SUPERELEMENT BASIC COORDINATE SYSTEM IN SUPERELEMENT BASIC SYSTEM COORDINATES.
0                                                  OLOAD    RESULTANT       
  SUBCASE/    LOAD
  DAREA ID    TYPE       T1            T2            T3            R1            R2            R3
0        1     FX    0.000000E+00     ----          ----          ----       0.000000E+00  0.000000E+00                             
               FY       ----       0.000000E+00     ----       0.000000E+00     ----       0.000000E+00                             
               FZ       ----          ----      -1.239395E+07  1.361088E+05  6.870543E+05     ----                                  
               MX       ----          ----          ----       0.000000E+00     ----          ----                                  
               MY       ----          ----          ----          ----       0.000000E+00     ----                                  
               MZ       ----          ----          ----          ----          ----       0.000000E+00                             
             TOTALS  0.000000E+00  0.000000E+00 -1.239395E+07  1.361088E+05  6.870543E+05  0.000000E+00                             
 *** USER INFORMATION MESSAGE - SINGULARITIES FOUND USING EIGENVALUE METHOD
 ***  156078 SINGULARITIES FOUND    156078 SINGULARITIES ELIMINATED
1                                                                          FEBRUARY  22, 2019  NX NASTRAN  9/21/17   PAGE    12
                                                                                                                                    
0                                                                                                            SUBCASE 1              
 *** SYSTEM INFORMATION MESSAGE 6916 (DFMSYN)
     DECOMP ORDERING METHOD CHOSEN: DEFAULT, ORDERING METHOD USED: BEND
 *** USER INFORMATION MESSAGE 5293 (SSG3A)
    FOR DATA BLOCK KLL     
    LOAD SEQ. NO.             EPSILON              EXTERNAL WORK      EPSILONS LARGER THAN 0.001 ARE FLAGGED WITH ASTERISKS
                1         -2.1930314E-11          1.3540135E+05
1                                                                          FEBRUARY  22, 2019  NX NASTRAN  9/21/17   PAGE    13
                                                                                                                                    
0                                                                                                                                   
 *** USER INFORMATION MESSAGE 7310 (VECPRN)
     ORIGIN OF SUPERELEMENT BASIC COORDINATE SYSTEM WILL BE USED AS REFERENCE LOCATION.
     RESULTANTS ABOUT ORIGIN OF SUPERELEMENT BASIC COORDINATE SYSTEM IN SUPERELEMENT BASIC SYSTEM COORDINATES.
0                                                  SPCFORCE RESULTANT       
  SUBCASE/    LOAD
  DAREA ID    TYPE       T1            T2            T3            R1            R2            R3
0        1     FX   -2.527472E-05     ----          ----          ----       2.233763E+06  3.141092E+06                             
               FY       ----      -2.871921E-05     ----       9.969178E+05     ----      -3.141092E+06                             
               FZ       ----          ----       1.239395E+07 -1.133027E+06 -2.920817E+06     ----                                  
               MX       ----          ----          ----       0.000000E+00     ----          ----                                  
               MY       ----          ----          ----          ----       0.000000E+00     ----                                  
               MZ       ----          ----          ----          ----          ----       0.000000E+00                             
             TOTALS -2.527472E-05 -2.871921E-05  1.239395E+07 -1.361088E+05 -6.870543E+05  5.568815E-03                             
 *** USER INFORMATION MESSAGE 4114 (OUTPBN2)
     DATA BLOCK OQG1     WRITTEN ON FORTRAN UNIT  12, TRL =
                    101                 7             21440                22                19                 0                 1
     (MAXIMUM POSSIBLE FORTRAN RECORD SIZE =    65538 WORDS.)
     (MAXIMUM SIZE OF FORTRAN RECORDS WRITTEN =    65538 WORDS.)
     (NUMBER OF FORTRAN RECORDS WRITTEN =       38 RECORDS.)
     (TOTAL DATA WRITTEN FOR DATA BLOCK =   480373 WORDS.)
 *** USER INFORMATION MESSAGE 4114 (OUTPBN2)
     DATA BLOCK BOUGV1   WRITTEN ON FORTRAN UNIT  12, TRL =
                    101                 7             21440                22                19                 0                 1
     (MAXIMUM POSSIBLE FORTRAN RECORD SIZE =    65538 WORDS.)
     (MAXIMUM SIZE OF FORTRAN RECORDS WRITTEN =    65538 WORDS.)
     (NUMBER OF FORTRAN RECORDS WRITTEN =       38 RECORDS.)
     (TOTAL DATA WRITTEN FOR DATA BLOCK =   480373 WORDS.)
 *** USER INFORMATION MESSAGE 4114 (OUTPBN2)
     DATA BLOCK OES1     WRITTEN ON FORTRAN UNIT  12, TRL =
                    101                63                 2                22                19                 0                 1
     (MAXIMUM POSSIBLE FORTRAN RECORD SIZE =    65538 WORDS.)
     (MAXIMUM SIZE OF FORTRAN RECORDS WRITTEN =    65538 WORDS.)
     (NUMBER OF FORTRAN RECORDS WRITTEN =      138 RECORDS.)
     (TOTAL DATA WRITTEN FOR DATA BLOCK =  3757084 WORDS.)
1                                                                          FEBRUARY  22, 2019  NX NASTRAN  9/21/17   PAGE    14
                                                                                                                                    
0                                                                                                                                   
1                                                                          FEBRUARY  22, 2019  NX NASTRAN  9/21/17   PAGE    15
                                                                                                                                    
0                                                                                                                                   
1                                                                          FEBRUARY  22, 2019  NX NASTRAN  9/21/17   PAGE    16
                                                                                                                                    
0                                                                                                                                   
 *** USER INFORMATION MESSAGE 4110 (OUTPBN2)
                                 END-OF-DATA SIMULATION ON FORTRAN UNIT 12
                                 (MAXIMUM SIZE OF FORTRAN RECORDS WRITTEN =      1 WORDS.)
                                       (NUMBER OF FORTRAN RECORDS WRITTEN =      1 RECORDS.)
                                       (TOTAL DATA WRITTEN FOR EOF MARKER =      1 WORDS.)
1                                                                          FEBRUARY  22, 2019  NX NASTRAN  9/21/17   PAGE    17
                                                                                                                                    
0                                                                                                                                   
 * * * *  D B D I C T   P R I N T  * * * *      SUBDMAP = PRTSUM  ,  DMAP STATEMENT NO.     29



0                                   * * * *  A N A L Y S I S  S U M M A R Y  T A B L E  * * * *
0 SEID  PEID PROJ VERS APRCH      SEMG SEMR SEKR SELG SELR MODES DYNRED SOLLIN PVALID SOLNL LOOPID DESIGN CYCLE SENSITIVITY
 --------------------------------------------------------------------------------------------------------------------------
     0     0    1    1 '        '    T    T    T    T    T     F      F      T      0     F     -1            0           F
0SEID = SUPERELEMENT ID.
 PEID = PRIMARY SUPERELEMENT ID OF IMAGE SUPERELEMENT.
 PROJ = PROJECT ID NUMBER.
 VERS = VERSION ID.
 APRCH = BLANK FOR STRUCTURAL ANALYSIS.  HEAT FOR HEAT TRANSFER ANALYSIS.
 SEMG = STIFFNESS AND MASS MATRIX GENERATION STEP.
 SEMR = MASS MATRIX REDUCTION STEP (INCLUDES EIGENVALUE SOLUTION FOR MODES).
 SEKR = STIFFNESS MATRIX REDUCTION STEP.
 SELG = LOAD MATRIX GENERATION STEP.
 SELR = LOAD MATRIX REDUCTION STEP. 
 MODES = T (TRUE) IF NORMAL MODES OR BUCKLING MODES CALCULATED.
 DYNRED = T (TRUE) MEANS GENERALIZED DYNAMIC AND/OR COMPONENT MODE REDUCTION PERFORMED.
 SOLLIN = T (TRUE) IF LINEAR SOLUTION EXISTS IN DATABASE.
 PVALID = P-DISTRIBUTION ID OF P-VALUE FOR P-ELEMENTS
 LOOPID = THE LAST LOOPID VALUE USED IN THE NONLINEAR ANALYSIS.  USEFUL FOR RESTARTS.
 SOLNL = T (TRUE) IF NONLINEAR SOLUTION EXISTS IN DATABASE.
 DESIGN CYCLE = THE LAST DESIGN CYCLE (ONLY VALID IN OPTIMIZATION).
 SENSITIVITY = SENSITIVITY MATRIX GENERATION FLAG.
1                                        * * * END OF JOB * * *
 
 
