1
 
 
 
 
                                                             
                 Copyright 2017 Siemens Product Lifecycle    
                        Management Software Inc.             
                         All Rights Reserved.                
                                                             
               This software and related documentation are   
                 proprietary to Siemens Product Lifecycle    
                        Management Software Inc.             
                                                             
              Siemens and the Siemens logo are registered    
             trademarks of Siemens AG. NX is a trademark or  
                registered trademark of Siemens Product      
               Lifecycle Management Software Inc. or its     
             subsidiaries in the United States and in other  
             countries.  NASTRAN is a registered trademark   
                 of the National Aeronautics and Space       
                 Administration.  All other trademarks,      
              registered trademarks or service marks belong  
                      to their respective holders.           
                                                             
           LIMITATIONS TO U.S. GOVERNMENT RIGHTS. UNPUBLISHED
           - RIGHTS RESERVED UNDER THE COPYRIGHT LAWS OF THE 
            UNITED STATES. This computer software and related
               computer software documentation have been     
            developed exclusively at private expense and are 
           provided subject to the following rights:  If this
               computer software and computer  software      
            documentation qualify as "commercial items" (as  
             that term is defined in FAR 2.101), their use,  
            duplication or disclosure by the U.S. Government 
           is subject to the protections and restrictions as 
            set forth in the Siemens commercial license for  
            software and/or documentation, as prescribed in  
           FAR 12.212 and FAR 27.405(b)(2)(i) (for civilian  
             agencies) and in DFARS 227.7202-1(a) and DFARS  
           227.7202-3(a) (for the Department of Defense), or 
           any successor or similar regulation, as applicable
           or as amended from time to time.  If this computer
           software and computer documentation do not qualify
            as "commercial items", then they are "restricted 
           computer software" and are provided with "restric-
            tive rights", and their use, duplication or dis- 
            closure by the U.S. Government is subject to the 
            protections and restrictions as set forth in FAR 
           27.404(b) and FAR 52-227-14 (for civilian agencies
           ), and DFARS 227.7203-5(c) and DFARS 252.227-7014 
           (for the Department of Defense), or any successor 
           or similar regulation, as applicable or as amended
              from time to time.  Siemens PLM Software Inc.  
            5800 Granite Parkway, Suite 600, Plano, TX 75024 

                * * * * * * * * * * * * * * * * * * * *
                * * * * * * * * * * * * * * * * * * * *
                * *                                 * *
                * *                                 * *
                * *                                 * *
                * *                                 * *
                * *       N X   N a s t r a n       * *
                * *                                 * *
                * *        VERSION -   12.0         * *
                * *                                 * *
                * *          SEP 21, 2017           * *
                * *                                 * *
                * *                                 * *
                * *Intel64 Family 6 Model 158 Stepp * *
                * *                                 * *
                * *MODEL Intel(R) Core(TM) i7-8750H * *
                * *                                 * *
                * *           Windows 10            * *
                * *                                 * *
                * *       Compiled for X86-64       * *
                * *                                 * *
                * * * * * * * * * * * * * * * * * * * *
                * * * * * * * * * * * * * * * * * * * *
1 
  
                        Welcome to NX Nastran
                        -------------------------
  
  
 This "news" information can be turned off by setting "news=no" in the runtime
 configuration (RC) file.  The "news" keyword can be set in the system RC file
 for global, or multi-user control, and in a local file for local control.
 Individual jobs can be controlled by setting news to yes or no on the command
 line.
1                                                                             APRIL  23, 2019  NX NASTRAN  9/21/17   PAGE     1
                                                                                                                                    
0        N A S T R A N    F I L E    A N D    S Y S T E M    P A R A M E T E R    E C H O                                           
0                                                                                                                                   
                                                                                                                                    
                                                                                                                                    
     NASTRAN BUFFSIZE=32769 $(C:/PROGRAM FILES/SIEMENS/NX 12.0/NXNASTRAN/CONF/NAST12.
     NASTRAN BUFFPOOL=2891                                                           
     NASTRAN DIAGA=128 DIAGB=0 $(C:/PROGRAM FILES/SIEMENS/NX 12.0/NXNASTRAN/CONF/NAST
     NASTRAN SYSTEM(442)=2 $(COMMAND LINE[5])                                        
     NASTRAN REAL=1051459584 $(MEMORY LIMIT FOR MPI AND OTHER SPECIALIZED MODULES)   
     $*$$$$$$$$$$$$$$$$$$$$$$$$$$$$$$$$$$$$$$$$$$$$$$$$$$$$$$$$$$$$$$$$$             
     $*                                                                              
     $*                    SIMCENTER V12.0.0.27 TRANSLATOR                           
     $*                    FOR NX NASTRAN VERSION 12.0                               
     $*                                                                              
     $*             FEM FILE: C:\USERS\TBAIN\DESKTOP\GITHUB\CAPSTONE2018\STRUCTURES\C
     $*             SIM FILE: C:\USERS\TBAIN\DESKTOP\GITHUB\CAPSTONE2018\STRUCTURES\C
     $*        ANALYSIS TYPE: STRUCTURAL                                             
     $*        SOLUTION NAME: SOLUTION 1                                             
     $*        SOLUTION TYPE: SOL 101 LINEAR STATICS - GLOBAL CONSTRAINTS            
     $*                                                                              
     $*    SOLVER INPUT FILE: CORE_PART_UNITED_55.2_TOP_SIM1-SOLUTION_1.DAT          
     $*        CREATION DATE: 23-APR-2019                                            
     $*        CREATION TIME: 09:37:41                                               
     $*             HOSTNAME: LAPTOP-42GTO7VI                                        
     $*      NASTRAN LICENSE: DESKTOP BUNDLE                                         
     $*                                                                              
     $*                UNITS: MM (MILLI-NEWTON)                                      
     $*                      ... LENGTH : MM                                         
     $*                      ... TIME   : SEC                                        
     $*                      ... MASS   : KILOGRAM (KG)                              
     $*                      ... TEMPERATURE : DEG CELSIUS                           
     $*                      ... FORCE  : MILLI-NEWTON                               
     $*                      ... THERMAL ENERGY : MN-MM (MICRO-JOULE)                
     $*                                                                              
     $* IMPORTANT NOTE:                                                              
     $*     THIS BANNER WAS GENERATED BY SIMCENTER AND ALTERING THIS                 
     $*     INFORMATION MAY COMPROMISE THE PRE AND POST PROCESSING OF RESULTS        
     $*                                                                              
     $*$$$$$$$$$$$$$$$$$$$$$$$$$$$$$$$$$$$$$$$$$$$$$$$$$$$$$$$$$$$$$$$$$             
     $*                                                                              
     $*$$$$$$$$$$$$$$$$$$$$$$$$$$$$$$$$$$$                                           
     $*                                                                              
     $* FILE MANAGEMENT                                                              
     $*                                                                              
     $*$$$$$$$$$$$$$$$$$$$$$$$$$$$$$$$$$$$                                           
     $*                                                                              
     $*                                                                              
     $*$$$$$$$$$$$$$$$$$$$$$$$$$$$$$$$$$$$                                           
     $*                                                                              
     $* EXECUTIVE CONTROL                                                            
     $*                                                                              
     $*$$$$$$$$$$$$$$$$$$$$$$$$$$$$$$$$$$$                                           
     $*                                                                              
1                                                                             APRIL  23, 2019  NX NASTRAN  9/21/17   PAGE     2
                                                                                                                                    
0        N A S T R A N    E X E C U T I V E    C O N T R O L    E C H O                                                             
0                                                                                                                                   
                                                                                                                                    
                                                                                                                                    
     ID,NASTRAN,CORE_PART_UNITED_55.2_TOP_SIM1-SOLUTION_1                                    
     SOL 101                                                                                 
     CEND                                                                                    
1                                                                             APRIL  23, 2019  NX NASTRAN  9/21/17   PAGE     3
                                                                                                                                    
0                                                                                                                                   
0                                        C A S E    C O N T R O L    E C H O                                                        
                 COMMAND                                                                                                            
                 COUNT                                                                                                              
                  1      $*                                                                                      
                  2      $*$$$$$$$$$$$$$$$$$$$$$$$$$$$$$$$$$$$                                                   
                  3      $*                                                                                      
                  4      $* CASE CONTROL                                                                         
                  5      $*                                                                                      
                  6      $*$$$$$$$$$$$$$$$$$$$$$$$$$$$$$$$$$$$                                                   
                  7      $*                                                                                      
                  8      ECHO = NONE                                                                             
                  9      SPC = 1                                                                                 
                 10      OUTPUT                                                                                  
                 11      DISPLACEMENT(PLOT,REAL) = ALL                                                           
                 12      SPCFORCES(PLOT,REAL) = ALL                                                              
                 13      STRESS(PLOT,REAL,VONMISES,CENTER) = ALL                                                 
                 14      $*  STEP: SUBCASE - STATIC LOADS 1                                                      
                 15      SUBCASE 1                                                                               
                 16        LABEL = SUBCASE - STATIC LOADS 1                                                      
                 17        LOAD = 101                                                                            
                 18      $*                                                                                      
                 19      $*$$$$$$$$$$$$$$$$$$$$$$$$$$$$$$$$$$$                                                   
                 20      $*                                                                                      
                 21      $* BULK DATA                                                                            
                 22      $*                                                                                      
                 23      $*$$$$$$$$$$$$$$$$$$$$$$$$$$$$$$$$$$$                                                   
                 24      $*                                                                                      
                 25      BEGIN BULK                                                                              
0                             INPUT BULK DATA ENTRY COUNT =      101842
0                       TOTAL COUNT=    101817


                                        M O D E L   S U M M A R Y

                                   NUMBER OF GRID     POINTS   =    36109
 
 
                                   NUMBER OF CTETRA   ELEMENTS =    14580
 
 *** USER INFORMATION MESSAGE 4109 (OUTPBN2)
     THE LABEL IS NX12.0   FOR FORTRAN UNIT 12
     (MAXIMUM SIZE OF FORTRAN RECORDS WRITTEN =        7 WORDS.)
     (NUMBER OF FORTRAN RECORDS WRITTEN =        8 RECORDS.)
     (TOTAL DATA WRITTEN FOR TAPE LABEL =       17 WORDS.)
1                                                                             APRIL  23, 2019  NX NASTRAN  9/21/17   PAGE     4
                                                                                                                                    
0                                                                                                                                   
0                                                                                                                                   
                                                                                                                                    
                                                                                                                                    
 *** USER INFORMATION MESSAGE 4114 (OUTPBN2)
     DATA BLOCK IBULK    WRITTEN ON FORTRAN UNIT  12, TRL =
                    101                 1                 0                 0                 0                 0                 0
     (MAXIMUM POSSIBLE FORTRAN RECORD SIZE =    65538 WORDS.)
     (MAXIMUM SIZE OF FORTRAN RECORDS WRITTEN =       20 WORDS.)
     (NUMBER OF FORTRAN RECORDS WRITTEN =   509219 RECORDS.)
     (TOTAL DATA WRITTEN FOR DATA BLOCK =  2444207 WORDS.)
 *** USER INFORMATION MESSAGE 4114 (OUTPBN2)
     DATA BLOCK ICASE    WRITTEN ON FORTRAN UNIT  12, TRL =
                    102                27                 0                 0                 0                 0                 0
     (MAXIMUM POSSIBLE FORTRAN RECORD SIZE =    65538 WORDS.)
     (MAXIMUM SIZE OF FORTRAN RECORDS WRITTEN =       20 WORDS.)
     (NUMBER OF FORTRAN RECORDS WRITTEN =      149 RECORDS.)
     (TOTAL DATA WRITTEN FOR DATA BLOCK =      674 WORDS.)
 *** USER INFORMATION MESSAGE 4114 (OUTPBN2)
     DATA BLOCK CASECC   WRITTEN ON FORTRAN UNIT  12, TRL =
                    103                 1                 0              1200                 0                 0                 0
     (MAXIMUM POSSIBLE FORTRAN RECORD SIZE =    65538 WORDS.)
     (MAXIMUM SIZE OF FORTRAN RECORDS WRITTEN =     1200 WORDS.)
     (NUMBER OF FORTRAN RECORDS WRITTEN =       19 RECORDS.)
     (TOTAL DATA WRITTEN FOR DATA BLOCK =     1226 WORDS.)
 *** USER INFORMATION MESSAGE 4114 (OUTPBN2)
     DATA BLOCK PVT0     WRITTEN ON FORTRAN UNIT  12, TRL =
                    101                28                 0                 0                 0                 0                 0
     (MAXIMUM POSSIBLE FORTRAN RECORD SIZE =    65538 WORDS.)
     (MAXIMUM SIZE OF FORTRAN RECORDS WRITTEN =       28 WORDS.)
     (NUMBER OF FORTRAN RECORDS WRITTEN =       19 RECORDS.)
     (TOTAL DATA WRITTEN FOR DATA BLOCK =       54 WORDS.)
 *** USER INFORMATION MESSAGE 4114 (OUTPBN2)
     DATA BLOCK GPL      WRITTEN ON FORTRAN UNIT  12, TRL =
                    101             36109             36109                 0                 0                 0                 0
     (MAXIMUM POSSIBLE FORTRAN RECORD SIZE =    65538 WORDS.)
     (MAXIMUM SIZE OF FORTRAN RECORDS WRITTEN =    65538 WORDS.)
     (NUMBER OF FORTRAN RECORDS WRITTEN =       26 RECORDS.)
     (TOTAL DATA WRITTEN FOR DATA BLOCK =   108358 WORDS.)
 *** USER INFORMATION MESSAGE 4114 (OUTPBN2)
     DATA BLOCK GPDT     WRITTEN ON FORTRAN UNIT  12, TRL =
                    102             36109                 7                 0                 1                 0                 0
     (MAXIMUM POSSIBLE FORTRAN RECORD SIZE =    65538 WORDS.)
     (MAXIMUM SIZE OF FORTRAN RECORDS WRITTEN =    65538 WORDS.)
     (NUMBER OF FORTRAN RECORDS WRITTEN =       29 RECORDS.)
     (TOTAL DATA WRITTEN FOR DATA BLOCK =   361116 WORDS.)
 *** USER INFORMATION MESSAGE 4114 (OUTPBN2)
     DATA BLOCK EPT      WRITTEN ON FORTRAN UNIT  12, TRL =
                    101                 0               256                 0                 0                 0                 0
     (MAXIMUM POSSIBLE FORTRAN RECORD SIZE =    65538 WORDS.)
     (MAXIMUM SIZE OF FORTRAN RECORDS WRITTEN =       10 WORDS.)
     (NUMBER OF FORTRAN RECORDS WRITTEN =       24 RECORDS.)
     (TOTAL DATA WRITTEN FOR DATA BLOCK =       43 WORDS.)
1                                                                             APRIL  23, 2019  NX NASTRAN  9/21/17   PAGE     5
                                                                                                                                    
0                                                                                                                                   
0                                                                                                                                   
                                                                                                                                    
                                                                                                                                    
 *** USER INFORMATION MESSAGE 4114 (OUTPBN2)
     DATA BLOCK MPT      WRITTEN ON FORTRAN UNIT  12, TRL =
                    101             32768                 0                 0                 0                 0                 0
     (MAXIMUM POSSIBLE FORTRAN RECORD SIZE =    65538 WORDS.)
     (MAXIMUM SIZE OF FORTRAN RECORDS WRITTEN =       15 WORDS.)
     (NUMBER OF FORTRAN RECORDS WRITTEN =       24 RECORDS.)
     (TOTAL DATA WRITTEN FOR DATA BLOCK =       48 WORDS.)
 *** USER INFORMATION MESSAGE 4114 (OUTPBN2)
     DATA BLOCK GEOM2    WRITTEN ON FORTRAN UNIT  12, TRL =
                    101                 0                 0                 0               512                 0                 0
     (MAXIMUM POSSIBLE FORTRAN RECORD SIZE =    65538 WORDS.)
     (MAXIMUM SIZE OF FORTRAN RECORDS WRITTEN =    65538 WORDS.)
     (NUMBER OF FORTRAN RECORDS WRITTEN =       28 RECORDS.)
     (TOTAL DATA WRITTEN FOR DATA BLOCK =   174996 WORDS.)
 *** USER INFORMATION MESSAGE 4114 (OUTPBN2)
     DATA BLOCK GEOM3    WRITTEN ON FORTRAN UNIT  12, TRL =
                    102                 0                 0                64                 8                 0                 0
     (MAXIMUM POSSIBLE FORTRAN RECORD SIZE =    65538 WORDS.)
     (MAXIMUM SIZE OF FORTRAN RECORDS WRITTEN =       59 WORDS.)
     (NUMBER OF FORTRAN RECORDS WRITTEN =       29 RECORDS.)
     (TOTAL DATA WRITTEN FOR DATA BLOCK =      107 WORDS.)
 *** USER INFORMATION MESSAGE 4114 (OUTPBN2)
     DATA BLOCK GEOM4    WRITTEN ON FORTRAN UNIT  12, TRL =
                    103                 0                 0                 0               512                 0                 0
     (MAXIMUM POSSIBLE FORTRAN RECORD SIZE =    65538 WORDS.)
     (MAXIMUM SIZE OF FORTRAN RECORDS WRITTEN =     1683 WORDS.)
     (NUMBER OF FORTRAN RECORDS WRITTEN =       24 RECORDS.)
     (TOTAL DATA WRITTEN FOR DATA BLOCK =     1716 WORDS.)
 *** USER INFORMATION MESSAGE 4114 (OUTPBN2)
     DATA BLOCK GEOM1    WRITTEN ON FORTRAN UNIT  12, TRL =
                    104                 0                 0                 8                 0                 0                 0
     (MAXIMUM POSSIBLE FORTRAN RECORD SIZE =    65538 WORDS.)
     (MAXIMUM SIZE OF FORTRAN RECORDS WRITTEN =    65538 WORDS.)
     (NUMBER OF FORTRAN RECORDS WRITTEN =       36 RECORDS.)
     (TOTAL DATA WRITTEN FOR DATA BLOCK =   397235 WORDS.)
 *** USER INFORMATION MESSAGE 4114 (OUTPBN2)
     DATA BLOCK BGPDT    WRITTEN ON FORTRAN UNIT  12, TRL =
                    105             36109                 0            216654                 1                 0             36109
     (MAXIMUM POSSIBLE FORTRAN RECORD SIZE =    65538 WORDS.)
     (MAXIMUM SIZE OF FORTRAN RECORDS WRITTEN =    65538 WORDS.)
     (NUMBER OF FORTRAN RECORDS WRITTEN =       38 RECORDS.)
     (TOTAL DATA WRITTEN FOR DATA BLOCK =   505556 WORDS.)
 *** USER INFORMATION MESSAGE 4114 (OUTPBN2)
     DATA BLOCK EQEXIN   WRITTEN ON FORTRAN UNIT  12, TRL =
                    101             36109                 0                 0                 0                 0                 0
     (MAXIMUM POSSIBLE FORTRAN RECORD SIZE =    65538 WORDS.)
     (MAXIMUM SIZE OF FORTRAN RECORDS WRITTEN =    65538 WORDS.)
     (NUMBER OF FORTRAN RECORDS WRITTEN =       28 RECORDS.)
     (TOTAL DATA WRITTEN FOR DATA BLOCK =   144466 WORDS.)
1                                                                             APRIL  23, 2019  NX NASTRAN  9/21/17   PAGE     6
                                                                                                                                    
0                                                                                                                                   
0
0
0
 
 *** USER INFORMATION MESSAGE 7555 (ETETGS)
     FINITE ELEMENT GEOMETRY CHECK RESULTS EXCEED TOLERANCE LEVELS FOR THE FOLLOWING ELEMENTS.
     USER ACTION: USE THE GEOMCHECK (EXECUTIVE CONTROL STATEMENT) KEYWORD=VALUE TO CHANGE TOLERANCE VALUES IF DESIRED.
     ALL EDGE LENGTH TO HEIGHT  RATIO (AR)TOLERANCE LIMIT VIOLATIONS WILL BE IDENTIFIED AND INDICATED BY FAIL.
     A MINIMUM OF        100 EDGE NODE POINT LENGTH RATIO (ER)TOLERANCE LIMIT VIOLATIONS WILL BE IDENTIFIED AND INDICATED BY xxxx.
     A MINIMUM OF        100 EDGE NODE POINT INCLUDED ANGLE   TOLERANCE LIMIT VIOLATIONS WILL BE IDENTIFIED AND INDICATED BY xxxx.
     ALL NEG/ZERO DET(JACOBIAN) VALUE (DJ)TOLERANCE LIMIT VIOLATIONS WILL BE IDENTIFIED AND INDICATED BY FAIL.
     A MINIMUM OF        100 NEG DET(JAC) AT VERTEX NODE  (DG)TOLERANCE LIMIT VIOLATIONS WILL BE IDENTIFIED AND INDICATED BY xxxx.
1                                                                             APRIL  23, 2019  NX NASTRAN  9/21/17   PAGE     7
                                                                                                                                    
0                                                                                                                                   
     TOLERANCE LIMITS ARE:  TET_AR =   100.00, TET_EPLR =   0.50, TET_EPIA =  30.00, TET_DETJ =   0.00, TET_DETG =   0.00
                            (xxxx = LIMIT VIOLATED)
                         LONGEST    SHORTEST          ASPECT      EDGE POINT      EDGE POINT   MIN. JACOBIAN   MIN. DET(JAC)
 ELEMENT TYPE    ID         EDGE      HEIGHT           RATIO    LENGTH RATIO  INCLUDED ANGLE     DETERMINANT       AT VERTEX
    TETRA          45     131.23       35.70       3.68            0.88           78.20 xxxx  304680.25       282257.53     
    TETRA          51      99.86       59.57       1.68            0.88           78.20 xxxx  409342.09       386709.55     
    TETRA          62     120.25       52.96       2.27            0.73           34.41 xxxx  427764.08       366467.82     
    TETRA         175     125.32       53.01       2.36            0.89           62.61 xxxx  429875.91       339440.51     
    TETRA         236     120.71       41.92       2.88            0.88           78.20 xxxx  241892.78       210671.82     
    TETRA         246      74.53       41.93       1.78            0.77           36.34 xxxx   98122.20        85594.34     
    TETRA         289      96.44       38.27       2.52            0.88           78.20 xxxx  174631.10       129173.89     
    TETRA         492      78.39       26.66       2.94            0.78           46.57 xxxx   21599.64       -10614.37 xxxx
    TETRA         550     153.63       59.94       2.56            0.91           44.04 xxxx  512163.68       463927.83     
    TETRA         573     120.16       46.70       2.57            0.91           44.04 xxxx  153263.23       124136.35     
    TETRA         722     158.09       47.22       3.35            0.88           78.20 xxxx  104631.52        55972.08     
    TETRA         766      69.04       34.67       1.99            0.75           47.30 xxxx   60702.54        35573.60     
    TETRA         774     104.43       26.36       3.96            0.75           47.30 xxxx  112656.80       102990.04     
    TETRA         793      83.51       48.74       1.71            0.91           44.04 xxxx   96143.41        60940.53     
    TETRA         802     153.63       53.74       2.86            0.91           44.04 xxxx  582408.90       538484.32     
    TETRA         893     127.22       31.75       4.01            0.75           47.30 xxxx  192462.25       158750.00     
    TETRA        1037     115.64       28.31       4.08            0.78           46.57 xxxx  105295.81        94963.02     
    TETRA        1180     146.59       41.85       3.50            0.88           78.20 xxxx  159134.36       112262.89     
    TETRA        1269     104.90       43.80       2.40            0.88           78.20 xxxx  301943.17       261120.41     
    TETRA        1375      69.16       35.59       1.94            0.77           31.90 xxxx   68070.84        52238.14     
    TETRA        1410      73.56       30.11       2.44            0.82           33.28 xxxx   44578.17        32057.26     
    TETRA        1428      78.26       35.69       2.19            0.78           35.76 xxxx  107295.87        87694.07     
    TETRA        1429      65.94       32.52       2.03            0.78           46.57 xxxx   33459.01        11148.20     
    TETRA        1430      69.16       33.00       2.10            0.78           35.48 xxxx   93924.72        73656.23     
    TETRA        1431      69.16       37.86       1.83            0.77           35.48 xxxx  145240.46       125688.05     
    TETRA        1470      78.26       41.81       1.87            0.77           35.76 xxxx  191192.10       155531.96     
    TETRA        1472      78.03       27.75       2.81            0.80           35.76 xxxx   97237.50        88947.63     
    TETRA        1477      73.56       33.46       2.20            0.82           33.28 xxxx  125711.53       119204.65     
    TETRA        1478      73.56       30.11       2.44            0.82           33.28 xxxx   44578.31        32057.43     
    TETRA        1526      69.16       22.39       3.09            0.81           31.90 xxxx   73048.59        69758.42     
    TETRA        1528      69.16       33.00       2.10            0.78           35.48 xxxx   93924.42        73656.04     
    TETRA        1529      78.26       35.69       2.19            0.78           46.57 xxxx  107295.98        87694.25     
    TETRA        1571      74.10       29.60       2.50            0.78           31.33 xxxx  112904.98       105905.27     
    TETRA        1574      78.11       46.48       1.68            0.80           31.90 xxxx  198233.33       181541.51     
    TETRA        1707      77.84       24.75       3.14            0.80           32.81 xxxx   82604.21        73456.90     
    TETRA        2133      69.16       37.86       1.83            0.77           35.48 xxxx  145239.65       125687.35     
    TETRA        2134      69.16       22.39       3.09            0.81           31.90 xxxx   73048.59        69758.41     
    TETRA        2139      77.84       24.75       3.14            0.80           32.81 xxxx   82604.10        73456.81     
    TETRA        2179      74.10       37.37       1.98            0.77           35.48 xxxx   76552.80        44304.59     
    TETRA        2182      74.10       29.60       2.50            0.78           31.33 xxxx  112904.27       105904.57     
    TETRA        2183      78.26       35.69       2.19            0.80           35.76 xxxx  117862.13       100664.40     
    TETRA        2185      73.56       30.11       2.44            0.82           33.28 xxxx   44578.17        32057.27     
1                                                                             APRIL  23, 2019  NX NASTRAN  9/21/17   PAGE     8
                                                                                                                                    
0                                                                                                                                   
     TOLERANCE LIMITS ARE:  TET_AR =   100.00, TET_EPLR =   0.50, TET_EPIA =  30.00, TET_DETJ =   0.00, TET_DETG =   0.00
                            (xxxx = LIMIT VIOLATED)
                         LONGEST    SHORTEST          ASPECT      EDGE POINT      EDGE POINT   MIN. JACOBIAN   MIN. DET(JAC)
 ELEMENT TYPE    ID         EDGE      HEIGHT           RATIO    LENGTH RATIO  INCLUDED ANGLE     DETERMINANT       AT VERTEX
    TETRA        2252      69.16       30.18       2.29            0.81           31.90 xxxx  109654.47       104106.82     
    TETRA        2253      64.46       13.45       4.79            0.77           37.84 xxxx   38239.23        34484.52     
    TETRA        2398      62.83       14.73       4.27            0.74           41.50 xxxx   36147.68        32987.17     
    TETRA        2399      90.98       41.20       2.21            0.74           41.50 xxxx  202608.60       172935.68     
    TETRA        2458      73.26        6.18      11.86            0.74           41.50 xxxx   28052.84        16635.67     
    TETRA        2711      90.99       41.20       2.21            0.74           41.50 xxxx  202608.79       172935.90     
    TETRA        2724      93.63       25.22       3.71            0.77           36.34 xxxx  112241.01        76124.43     
    TETRA        2770      74.10       36.93       2.01            0.77           31.90 xxxx  127632.54       121350.13     
    TETRA        2796      78.26       35.69       2.19            0.78           35.76 xxxx  107295.98        87694.25     
    TETRA        2797      78.26       41.81       1.87            0.77           35.76 xxxx  191192.04       155531.90     
    TETRA        2900      90.72       29.82       3.04            0.78           46.57 xxxx  134170.47       127004.71     
    TETRA        2911      69.16       30.18       2.29            0.81           31.90 xxxx  109654.90       104107.31     
    TETRA        2912      78.26       27.59       2.84            0.78           46.57 xxxx   66503.10        32082.56     
    TETRA        2913      69.16       35.59       1.94            0.77           31.90 xxxx   68070.68        52237.93     
    TETRA        2959     109.15       28.90       3.78            0.74           37.09 xxxx  114259.12        99588.27     
    TETRA        2965      78.26       35.69       2.19            0.78           35.76 xxxx  107295.97        87694.25     
    TETRA        2969      78.39       32.52       2.41            0.78           46.57 xxxx   46128.46        17689.01     
    TETRA        3095      91.37       41.08       2.22            0.74           41.50 xxxx  202806.66       173162.66     
    TETRA        3324      91.51       33.29       2.75            0.74           32.81 xxxx   63542.75        33403.97     
    TETRA        3336     152.28       27.91       5.46            0.74           37.27 xxxx  139980.82       104227.30     
    TETRA        3384      73.26        6.18      11.86            0.74           41.50 xxxx   28053.34        16636.11     
    TETRA        3385      69.16       35.59       1.94            0.77           31.90 xxxx   68070.78        52238.05     
    TETRA        3388      62.83       14.73       4.27            0.74           41.50 xxxx   36147.60        32987.17     
    TETRA        3390      78.11       46.48       1.68            0.80           31.90 xxxx  198233.04       181541.17     
    TETRA        3437      77.84       24.75       3.14            0.80           32.81 xxxx   82604.20        73456.90     
    TETRA        3438      74.10       37.37       1.98            0.77           35.48 xxxx   76552.74        44304.48     
    TETRA        3440      73.26        6.18      11.86            0.74           41.50 xxxx   28053.29        16636.04     
    TETRA        3451      74.53       41.95       1.78            0.77           31.49 xxxx   98157.00        85603.37     
    TETRA        3482     112.27       28.82       3.90            0.74           37.13 xxxx  168764.33       160151.71     
    TETRA        3519      69.16       33.00       2.10            0.78           35.48 xxxx   93924.43        73656.04     
    TETRA        3520      65.94       32.52       2.03            0.78           46.57 xxxx   33458.86        11148.04     
    TETRA        3592      78.03       27.75       2.81            0.80           35.76 xxxx   97237.50        88947.63     
    TETRA        3595      78.26       35.69       2.19            0.80           35.76 xxxx  117862.09       100664.30     
    TETRA        3709      74.53       41.95       1.78            0.77           31.49 xxxx   98157.00        85603.37     
    TETRA        3728     159.82       38.72       4.13            0.74           41.21 xxxx  334157.12       279911.71     
    TETRA        3729     145.14       28.24       5.14            0.74           41.21 xxxx  200970.51       181593.41     
    TETRA        3752     103.32       30.89       3.35            0.73           34.41 xxxx  183720.52       179086.66     
    TETRA        3794     158.46       48.97       3.24            0.88           78.20 xxxx  188776.11        99444.06     
    TETRA        3797     127.08       53.69       2.37            0.88           78.20 xxxx  415561.07       375028.55     
    TETRA        3852     104.37       30.87       3.38            0.73           34.36 xxxx  188484.06       183993.15     
    TETRA        3906      80.31       35.04       2.29            0.72           37.10 xxxx  113534.26        89975.63     
    TETRA        3993      69.16       37.86       1.83            0.77           35.48 xxxx  145239.74       125687.44     
1                                                                             APRIL  23, 2019  NX NASTRAN  9/21/17   PAGE     9
                                                                                                                                    
0                                                                                                                                   
     TOLERANCE LIMITS ARE:  TET_AR =   100.00, TET_EPLR =   0.50, TET_EPIA =  30.00, TET_DETJ =   0.00, TET_DETG =   0.00
                            (xxxx = LIMIT VIOLATED)
                         LONGEST    SHORTEST          ASPECT      EDGE POINT      EDGE POINT   MIN. JACOBIAN   MIN. DET(JAC)
 ELEMENT TYPE    ID         EDGE      HEIGHT           RATIO    LENGTH RATIO  INCLUDED ANGLE     DETERMINANT       AT VERTEX
    TETRA        3994      69.16       22.39       3.09            0.81           31.90 xxxx   73048.62        69758.44     
    TETRA        4072      74.53       46.90       1.59            0.77           36.34 xxxx  158473.59       139812.11     
    TETRA        4126      82.67       27.19       3.04            0.74           32.81 xxxx   49495.43        27168.64     
    TETRA        4171     103.26       29.82       3.46            0.78           46.57 xxxx  134706.13       127598.61     
    TETRA        4213      78.03       27.75       2.81            0.80           35.76 xxxx   97237.50        88947.63     
    TETRA        4221      68.92       23.31       2.96            0.82           35.52 xxxx   17209.19        -2675.05 xxxx
    TETRA        4234      74.49       35.23       2.11            0.74           37.13 xxxx  105079.33        82437.07     
    TETRA        4292     104.92       43.82       2.39            0.88           78.20 xxxx  302091.89       261251.39     
    TETRA        4299      93.63       25.22       3.71            0.77           36.34 xxxx  112240.70        76124.02     
    TETRA        4405     117.48       31.23       3.76            0.89           62.61 xxxx  199347.65       177318.53     
    TETRA        4410     104.92       43.82       2.39            0.89           62.61 xxxx  294259.11       261255.75     
    TETRA        4547     144.10       58.91       2.45            0.89           62.61 xxxx  678994.87       568503.24     
    TETRA        4574     116.28       59.66       1.95            0.88           78.20 xxxx  315639.79       259490.56     
    TETRA        4579     125.32       48.08       2.61            0.91           44.04 xxxx  252388.50       149491.60     
    TETRA        4598      74.53       46.90       1.59            0.77           31.49 xxxx  158441.90       139812.11     
    TETRA        4826      82.00       35.21       2.33            0.73           34.36 xxxx  127559.10       105029.80     
    TETRA        8449      68.92       23.31       2.96            0.82           35.52 xxxx   17195.46        -2675.05 xxxx
    TETRA        9697      68.92       23.31       2.96            0.82           35.52 xxxx   17209.16        -2675.07 xxxx
1                                                                             APRIL  23, 2019  NX NASTRAN  9/21/17   PAGE    10
                                                                                                                                    
0                                                                                                                                   


                            E L E M E N T   G E O M E T R Y   T E S T   R E S U L T S   S U M M A R Y
                                        TOTAL NUMBER OF TIMES TOLERANCES WERE EXCEEDED
 ELEMENT     SKEW    ASPECT/       MINIMUM       MAXIMUM    SURFACE/FACE  THICKNESS/     EDGE POINT    EDGE POINT       JACOBIAN
 TYPE        ANGLE  TAPER RATIO  INTER. ANGLE  INTER. ANGLE  WARP FACTOR  OFFSET RATIO  LENGTH RATIO  INCLUDED ANGLE  DETERMINANT
 TETRA         N/A          0           N/A           N/A           N/A           N/A             0           322             4     

         N/A IN THE ABOVE TABLE INDICATES TESTS THAT ARE NOT APPLICABLE TO THE ELEMENT TYPE AND WERE NOT PERFORMED.
         FOR ALL ELEMENTS WHERE GEOMETRY TEST RESULTS HAVE EXCEEDED TOLERANCES,

         TETRA    ELEMENT ID      492 PRODUCED SMALLEST VERTEX DET(JAC) -UWM 6828- OF  -10614.37 (TOLERANCE =        0.00).
         TETRA    ELEMENT ID     1180 PRODUCED LARGEST  EDGE POINT IA    OF      78.20 (TOLERANCE =       30.00).
1                                                                             APRIL  23, 2019  NX NASTRAN  9/21/17   PAGE    11
                                                                                                                                    
0                                                                                                                                   
 *** USER INFORMATION MESSAGE 7310 (VECPRN)
     ORIGIN OF SUPERELEMENT BASIC COORDINATE SYSTEM WILL BE USED AS REFERENCE LOCATION.
     RESULTANTS ABOUT ORIGIN OF SUPERELEMENT BASIC COORDINATE SYSTEM IN SUPERELEMENT BASIC SYSTEM COORDINATES.
0                                                  OLOAD    RESULTANT       
  SUBCASE/    LOAD
  DAREA ID    TYPE       T1            T2            T3            R1            R2            R3
0        1     FX    8.773501E+06     ----          ----          ----       6.315955E+08  4.386759E-01                             
               FY       ----       8.773501E+06     ----      -6.315955E+08     ----      -4.386759E-01                             
               FZ       ----          ----       2.481520E+07 -1.240761E+00  1.240761E+00     ----                                  
               MX       ----          ----          ----       0.000000E+00     ----          ----                                  
               MY       ----          ----          ----          ----       0.000000E+00     ----                                  
               MZ       ----          ----          ----          ----          ----       0.000000E+00                             
             TOTALS  8.773501E+06  8.773501E+06  2.481520E+07 -6.315955E+08  6.315955E+08  0.000000E+00                             
 *** USER INFORMATION MESSAGE - SINGULARITIES FOUND USING EIGENVALUE METHOD
 ***  107067 SINGULARITIES FOUND    107067 SINGULARITIES ELIMINATED
1                                                                             APRIL  23, 2019  NX NASTRAN  9/21/17   PAGE    12
                                                                                                                                    
0                                                                                                            SUBCASE 1              
 *** SYSTEM INFORMATION MESSAGE 6916 (DFMSYN)
     DECOMP ORDERING METHOD CHOSEN: DEFAULT, ORDERING METHOD USED: BEND
 *** USER INFORMATION MESSAGE 5293 (SSG3A)
    FOR DATA BLOCK KLL     
    LOAD SEQ. NO.             EPSILON              EXTERNAL WORK      EPSILONS LARGER THAN 0.001 ARE FLAGGED WITH ASTERISKS
                1         -5.4050213E-11          2.3628795E+07
1                                                                             APRIL  23, 2019  NX NASTRAN  9/21/17   PAGE    13
                                                                                                                                    
0                                                                                                                                   
 *** USER INFORMATION MESSAGE 7310 (VECPRN)
     ORIGIN OF SUPERELEMENT BASIC COORDINATE SYSTEM WILL BE USED AS REFERENCE LOCATION.
     RESULTANTS ABOUT ORIGIN OF SUPERELEMENT BASIC COORDINATE SYSTEM IN SUPERELEMENT BASIC SYSTEM COORDINATES.
0                                                  SPCFORCE RESULTANT       
  SUBCASE/    LOAD
  DAREA ID    TYPE       T1            T2            T3            R1            R2            R3
0        1     FX   -8.773501E+06     ----          ----          ----      -1.649095E+10 -1.134532E+07                             
               FY       ----      -8.773501E+06     ----       1.649095E+10     ----       1.134533E+07                             
               FZ       ----          ----      -2.481520E+07 -1.585935E+10  1.585935E+10     ----                                  
               MX       ----          ----          ----       0.000000E+00     ----          ----                                  
               MY       ----          ----          ----          ----       0.000000E+00     ----                                  
               MZ       ----          ----          ----          ----          ----       0.000000E+00                             
             TOTALS -8.773501E+06 -8.773501E+06 -2.481520E+07  6.315955E+08 -6.315955E+08  1.806013E+00                             
 *** USER INFORMATION MESSAGE 4114 (OUTPBN2)
     DATA BLOCK OQG1     WRITTEN ON FORTRAN UNIT  12, TRL =
                    101                 4             26728                23                19                 0                 1
     (MAXIMUM POSSIBLE FORTRAN RECORD SIZE =    65538 WORDS.)
     (MAXIMUM SIZE OF FORTRAN RECORDS WRITTEN =    65538 WORDS.)
     (NUMBER OF FORTRAN RECORDS WRITTEN =       32 RECORDS.)
     (TOTAL DATA WRITTEN FOR DATA BLOCK =   289053 WORDS.)
 *** USER INFORMATION MESSAGE 4114 (OUTPBN2)
     DATA BLOCK BOUGV1   WRITTEN ON FORTRAN UNIT  12, TRL =
                    101                 4             26728                23                19                 0                 1
     (MAXIMUM POSSIBLE FORTRAN RECORD SIZE =    65538 WORDS.)
     (MAXIMUM SIZE OF FORTRAN RECORDS WRITTEN =    65538 WORDS.)
     (NUMBER OF FORTRAN RECORDS WRITTEN =       32 RECORDS.)
     (TOTAL DATA WRITTEN FOR DATA BLOCK =   289053 WORDS.)
 *** USER INFORMATION MESSAGE 4114 (OUTPBN2)
     DATA BLOCK OES1     WRITTEN ON FORTRAN UNIT  12, TRL =
                    101                63                 4                23                19                 0                 1
     (MAXIMUM POSSIBLE FORTRAN RECORD SIZE =    65538 WORDS.)
     (MAXIMUM SIZE OF FORTRAN RECORDS WRITTEN =    65538 WORDS.)
     (NUMBER OF FORTRAN RECORDS WRITTEN =       72 RECORDS.)
     (TOTAL DATA WRITTEN FOR DATA BLOCK =  1589401 WORDS.)
1                                                                             APRIL  23, 2019  NX NASTRAN  9/21/17   PAGE    14
                                                                                                                                    
0                                                                                                                                   
1                                                                             APRIL  23, 2019  NX NASTRAN  9/21/17   PAGE    15
                                                                                                                                    
0                                                                                                                                   
1                                                                             APRIL  23, 2019  NX NASTRAN  9/21/17   PAGE    16
                                                                                                                                    
0                                                                                                                                   
 *** USER INFORMATION MESSAGE 4110 (OUTPBN2)
                                 END-OF-DATA SIMULATION ON FORTRAN UNIT 12
                                 (MAXIMUM SIZE OF FORTRAN RECORDS WRITTEN =      1 WORDS.)
                                       (NUMBER OF FORTRAN RECORDS WRITTEN =      1 RECORDS.)
                                       (TOTAL DATA WRITTEN FOR EOF MARKER =      1 WORDS.)
1                                                                             APRIL  23, 2019  NX NASTRAN  9/21/17   PAGE    17
                                                                                                                                    
0                                                                                                                                   
 * * * *  D B D I C T   P R I N T  * * * *      SUBDMAP = PRTSUM  ,  DMAP STATEMENT NO.     29



0                                   * * * *  A N A L Y S I S  S U M M A R Y  T A B L E  * * * *
0 SEID  PEID PROJ VERS APRCH      SEMG SEMR SEKR SELG SELR MODES DYNRED SOLLIN PVALID SOLNL LOOPID DESIGN CYCLE SENSITIVITY
 --------------------------------------------------------------------------------------------------------------------------
     0     0    1    1 '        '    T    T    T    T    T     F      F      T      0     F     -1            0           F
0SEID = SUPERELEMENT ID.
 PEID = PRIMARY SUPERELEMENT ID OF IMAGE SUPERELEMENT.
 PROJ = PROJECT ID NUMBER.
 VERS = VERSION ID.
 APRCH = BLANK FOR STRUCTURAL ANALYSIS.  HEAT FOR HEAT TRANSFER ANALYSIS.
 SEMG = STIFFNESS AND MASS MATRIX GENERATION STEP.
 SEMR = MASS MATRIX REDUCTION STEP (INCLUDES EIGENVALUE SOLUTION FOR MODES).
 SEKR = STIFFNESS MATRIX REDUCTION STEP.
 SELG = LOAD MATRIX GENERATION STEP.
 SELR = LOAD MATRIX REDUCTION STEP. 
 MODES = T (TRUE) IF NORMAL MODES OR BUCKLING MODES CALCULATED.
 DYNRED = T (TRUE) MEANS GENERALIZED DYNAMIC AND/OR COMPONENT MODE REDUCTION PERFORMED.
 SOLLIN = T (TRUE) IF LINEAR SOLUTION EXISTS IN DATABASE.
 PVALID = P-DISTRIBUTION ID OF P-VALUE FOR P-ELEMENTS
 LOOPID = THE LAST LOOPID VALUE USED IN THE NONLINEAR ANALYSIS.  USEFUL FOR RESTARTS.
 SOLNL = T (TRUE) IF NONLINEAR SOLUTION EXISTS IN DATABASE.
 DESIGN CYCLE = THE LAST DESIGN CYCLE (ONLY VALID IN OPTIMIZATION).
 SENSITIVITY = SENSITIVITY MATRIX GENERATION FLAG.
1                                        * * * END OF JOB * * *
 
 
